4.327103298723215197e+00
3.514563138935665521e+00
1.824147514106762236e+00
3.330096080767349420e+00
3.477296982803137482e+00
3.736264578528782909e+00
3.005476393667962931e+00
3.555050314138919809e+00
3.386073404056491931e+00
3.102277976624983502e+00
3.872030729392759163e+00
4.448011333128726541e+00
3.747783314429066426e+00
3.498091053757341751e+00
3.140933225878511870e+00
3.102403602361380575e+00
3.600060413178229002e+00
3.377167091379787767e+00
2.834732264579609140e+00
3.475187639108713533e+00
3.122784391094709289e+00
2.096220468752593824e+00
3.116477119523561434e+00
3.313717446725676030e+00
4.489805843968317056e+00
3.244633601261617706e+00
3.536164780010408126e+00
2.690006489691277647e+00
3.655101408107980454e+00
4.374742667342435887e+00
3.881955112060353486e+00
3.739327173320591946e+00
3.633212410895153788e+00
3.233965895748118324e+00
4.124080169064049173e+00
2.392717331073247689e+00
4.051293462769974596e+00
3.263383394890119860e+00
3.718172221848714543e+00
3.877699081165569606e+00
2.975240194483972811e+00
3.769200258424817651e+00
4.768231515293444467e+00
3.526983794541528550e+00
3.927883570484517861e+00
4.066217644897359484e+00
2.731810209361568820e+00
3.819195034076611872e+00
3.694267506673064805e+00
2.452378424167186211e+00
3.732948033059922732e+00
4.218369995839001518e+00
5.002633784552431351e+00
2.882684961123701317e+00
2.538135471983195224e+00
3.885039261371525665e+00
3.362619820668570014e+00
3.953476755521770691e+00
4.097911503973435288e+00
3.606720914339266226e+00
3.509093551834809865e+00
3.837438706467670269e+00
3.249432928147333755e+00
3.490879647603525093e+00
3.473305144642310882e+00
3.775872410771958343e+00
3.438691808973827868e+00
3.056034164169858958e+00
4.229667984593366903e+00
3.775041117657683909e+00
3.644635765942616512e+00
3.625279072633457389e+00
3.545369052325898274e+00
3.868392232950828014e+00
2.866164356194733198e+00
2.627499721580087932e+00
3.609713535572184995e+00
3.026624474366381712e+00
4.016565246393228428e+00
4.073534269840043187e+00
2.698836062762843380e+00
3.364432898457912380e+00
2.887280786013136868e+00
3.598268979681682023e+00
3.625933309531446547e+00
3.603114518615793571e+00
3.694295428453789665e+00
3.655731279191212213e+00
2.962049913145817559e+00
4.009192190801602607e+00
3.200299229429129699e+00
3.856028854249198279e+00
4.438600187547579345e+00
3.107412710529760869e+00
3.898154057964386965e+00
3.723493633384209467e+00
4.275555740011657058e+00
3.676666331235136198e+00
4.124864170140219777e+00
3.631706928630366260e+00
3.612730433843175160e+00
3.423557936606042684e+00
3.643140279953559268e+00
3.424996569824318549e+00
3.717879127037773568e+00
4.183631862523262690e+00
3.993641510657197635e+00
3.947037485129069267e+00
3.254900535519005267e+00
3.244914427666986789e+00
3.229211616469845669e+00
3.248953619160558581e+00
3.566835444027421254e+00
2.898207710291972994e+00
3.777701596698420428e+00
3.142142745763082168e+00
3.395322102411460818e+00
3.510288326940230963e+00
4.012188257886007747e+00
3.490155460019943146e+00
3.263939624526730476e+00
4.235698972124246175e+00
3.505811609605593127e+00
3.610359705443152212e+00
3.583578483525145852e+00
3.254366312179215459e+00
2.905508588428949324e+00
3.919950673293752352e+00
3.615508317890845369e+00
3.553075838115852036e+00
2.887392340323320372e+00
2.783797049591905992e+00
2.817691553129885396e+00
3.702639556770000340e+00
3.653177865870702590e+00
3.558455027939720683e+00
3.451244567363736859e+00
3.297217040810035193e+00
1.956787929595174447e+00
3.405568903974157902e+00
3.200572406942059356e+00
3.719525563658940381e+00
3.276889367757496618e+00
3.316242993466421929e+00
3.311961271433773835e+00
3.205659229478826866e+00
3.197007866365965345e+00
3.343534330655329345e+00
2.824644272847442128e+00
3.617490958902494391e+00
3.902825397831780396e+00
3.450832494291026009e+00
1.814236842827188001e+00
4.195549750773541753e+00
3.693914948813083576e+00
3.427963245922604152e+00
3.601377380408548934e+00
3.330394492881166624e+00
3.025156551750041611e+00
2.831401269687105149e+00
3.650950673454701700e+00
4.145438746814082087e+00
3.219677926420901670e+00
4.137167356948015851e+00
3.481307763309176018e+00
3.637358587982779667e+00
3.107365834240870761e+00
3.838147156397270887e+00
4.119188516179128179e+00
3.410645242258893983e+00
4.403078955544142303e+00
3.419200211651956867e+00
3.406656262829471871e+00
3.723392716287662996e+00
3.539335559043711665e+00
4.047553771237984321e+00
3.263686065148594384e+00
3.599111501512837652e+00
3.867655748554539752e+00
3.095791232478648514e+00
3.131828368034287990e+00
3.236086693437158157e+00
3.687826143104336651e+00
3.472324739298207064e+00
3.513800077969006619e+00
4.058254439926535007e+00
3.369636781385985547e+00
4.149870967752583795e+00
3.531707513844042357e+00
3.587575002997202223e+00
3.652925492000977492e+00
4.057502123654971093e+00
3.236116160266255370e+00
3.149190651114089246e+00
3.421242357408184276e+00
3.525717946654073121e+00
3.685986489552183443e+00
3.399674754773883922e+00
3.158671804765480040e+00
3.676544856247779602e+00
4.111131646457683253e+00
3.685745835051662755e+00
3.621699570618454267e+00
3.644522040928397377e+00
3.301612330700248066e+00
3.959347579689865171e+00
2.768432250100960168e+00
3.322893181857667688e+00
3.746409817609884563e+00
3.875410208907920762e+00
3.523454227221328505e+00
3.205746879227261203e+00
3.651919502778623094e+00
2.980363641443959377e+00
3.456696020425023885e+00
3.472255622300681743e+00
2.982010776185607615e+00
3.179804156287754147e+00
2.963866030397659390e+00
3.718947367151890226e+00
3.637728955949075527e+00
2.940322248910880454e+00
2.911788750669223713e+00
4.098254180182718365e+00
3.654308228930234659e+00
3.391465042241003314e+00
3.664295623020946469e+00
3.627220884842314863e+00
3.730472595513853573e+00
2.682801801746595771e+00
3.420408811751320055e+00
3.238182424011647242e+00
2.919685219932452114e+00
3.809561225584926270e+00
3.620102871294841318e+00
4.122829371633097040e+00
2.996770497625526719e+00
3.643173936328345963e+00
3.709503737223818209e+00
4.203182630797929420e+00
3.425018762736629530e+00
3.608315840773930638e+00
4.357461356401288732e+00
3.667146521420586502e+00
2.514211835196062061e+00
3.984431483959851583e+00
3.350407411861883844e+00
3.310748662521700858e+00
3.627954897381872712e+00
4.055499701096563214e+00
4.324873164451251029e+00
3.815573074316857660e+00
3.851837662820432939e+00
3.524790947714951272e+00
2.478344771914530398e+00
3.844744498046886338e+00
2.838137545566155939e+00
3.757829774464831907e+00
2.962859498630210364e+00
3.260261726100404100e+00
3.468631700344905866e+00
3.070766225085309831e+00
3.539802586022183561e+00
3.202140822064291292e+00
3.353722883995231996e+00
3.407719805931616275e+00
4.028382127844301053e+00
3.138189151540928368e+00
3.820439816061411697e+00
3.309151150492089410e+00
2.925742247180921130e+00
3.213913258369755166e+00
3.982485464373263007e+00
3.159542589295261994e+00
3.913381654787940089e+00
4.555311371915307994e+00
3.824909686749163651e+00
3.624532640169893405e+00
3.279537092676045873e+00
3.691433310736380147e+00
3.079736767749137183e+00
3.660118919598760012e+00
3.296339279245707576e+00
3.948422100939299906e+00
3.544020893432916708e+00
3.489588231764761961e+00
2.313384813766913961e+00
3.111912111583302831e+00
3.228777520025445824e+00
3.897232729650370597e+00
4.120860996333762571e+00
3.243629222263820555e+00
2.803410324029572465e+00
2.863574425423280889e+00
3.265202291214043928e+00
3.628786672459478613e+00
2.684188642086617449e+00
2.195951088592036360e+00
3.630609439563234897e+00
3.841667560514513635e+00
2.925388984715380225e+00
3.875740410074555164e+00
3.665121038359264727e+00
3.879947863946680453e+00
3.708203443295113644e+00
3.286705850935688122e+00
2.659466534494860035e+00
2.076589634602156842e+00
3.302992882239661032e+00
3.265537929814255946e+00
1.952893819695342481e+00
3.651439651650827400e+00
3.437441487713605248e+00
3.100801282452803065e+00
3.050272026677717463e+00
2.867638598511203174e+00
3.484322696895528093e+00
3.410217715257488180e+00
3.956519551346412644e+00
3.222215302306710605e+00
3.692312842374843029e+00
2.948503764799543791e+00
2.905359871346874900e+00
3.297056354911927833e+00
3.491546504598048717e+00
3.535500901289220899e+00
3.887148315989590319e+00
2.835632282585709874e+00
2.105082659321210858e+00
3.322294030809111121e+00
3.436433663196237998e+00
3.186174831566919163e+00
2.767694986328105955e+00
2.904358790147287817e+00
3.501624166041550357e+00
3.934726203149341739e+00
4.356738242130234973e+00
2.775585186550572736e+00
3.677385098110810713e+00
4.127215026898753969e+00
3.746396822700994722e+00
3.210457670979555367e+00
3.528983242048699509e+00
3.553098196647312967e+00
3.657127652393195483e+00
3.184405999642293761e+00
3.612694373501140976e+00
4.207002871556801971e+00
3.684737323586367186e+00
3.360677369072324616e+00
3.384121335361875982e+00
3.667714543696126928e+00
3.620797628380464594e+00
3.432332838546256593e+00
3.877628437529375027e+00
3.658002745717813031e+00
3.600644011958374691e+00
3.489579537939408116e+00
3.127039313265181253e+00
3.681895080173739565e+00
2.981220714299175789e+00
3.841988270536458749e+00
3.108275820298258107e+00
4.159599506301034921e+00
2.519833492569685252e+00
3.490392785547513199e+00
3.943758565658238346e+00
2.978112315021732570e+00
3.065772275167017558e+00
3.032189946010913406e+00
4.240768031430379281e+00
3.259024898121846370e+00
3.279471237146030393e+00
3.570577313316460888e+00
3.742259266769049741e+00
3.726632530033391788e+00
3.698320909526687572e+00
3.349652440375336937e+00
3.341519349234725045e+00
3.831723302492362926e+00
3.390766177002393356e+00
3.536045787668284479e+00
3.818082974864983381e+00
3.158096553533412898e+00
3.302067015992733001e+00
2.810656457904060712e+00
2.962079273205630248e+00
3.713139430309337463e+00
4.267010123531897570e+00
3.430169076904400871e+00
3.516376801176549272e+00
3.295789027087375977e+00
3.587474147346081388e+00
2.939635905799725446e+00
3.282694376118790114e+00
2.872008591085630780e+00
3.477273484255022140e+00
3.810196743051466495e+00
3.368615391258504843e+00
3.934916662336547688e+00
3.123481964412162970e+00
3.956044571482031813e+00
3.396917441983995367e+00
3.371759341566801904e+00
3.576088913819197135e+00
3.340307703018409846e+00
3.700616516268388612e+00
3.929996603212698059e+00
3.740696412247991098e+00
3.839139303968678085e+00
3.337826980440351754e+00
3.714133074863357642e+00
4.176452985747517666e+00
3.422999270223420432e+00
3.590563478193025571e+00
2.573530056865630300e+00
4.068699457341817372e+00
3.171456251051785635e+00
3.497598275176549976e+00
3.460809864530337343e+00
3.637977673658660649e+00
3.358370209348353619e+00
3.391052499072113591e+00
3.239674404149214038e+00
3.247020232000835893e+00
3.369613886777997891e+00
3.079010047105792847e+00
2.574063919371734066e+00
4.191999074049082452e+00
3.715958076099206142e+00
2.600544952483299088e+00
3.342177392845005368e+00
3.230576095888524790e+00
3.384105761150061564e+00
3.970531009343458262e+00
3.392000470071108609e+00
3.689427183296674517e+00
3.345755870288305456e+00
3.642754809443527364e+00
3.463462320464340660e+00
4.163695845621750102e+00
9.966397207009153325e-01
3.771878387970612589e+00
3.745477384198202309e+00
3.326964222479851241e+00
3.231924650085634454e+00
3.997376866821732655e+00
2.998338147520013486e+00
2.841496394073229848e+00
3.948013562326079473e+00
3.789237473977537185e+00
4.554438990260642584e+00
3.985406249958351577e+00
3.244695011929228379e+00
3.423078590795102016e+00
4.085414138713132637e+00
3.526565496817355427e+00
4.176089444767097092e+00
3.973043322313675407e+00
3.762430063415497905e+00
2.363152307900279414e+00
2.904980856011972534e+00
3.551872321601016402e+00
3.629850350410472881e+00
4.002904949224737940e+00
3.644510856590519765e+00
3.281224438968651125e+00
3.410810896879686194e+00
3.548275117659744016e+00
3.535075337172885579e+00
3.282956198052239927e+00
3.885842456334178685e+00
3.224860102507270732e+00
3.166840424808697652e+00
4.200770925160698610e+00
3.675797216114475852e+00
3.543018597227256983e+00
2.631539150927376447e+00
3.432917445550802249e+00
3.070183265071976919e+00
2.942663858463729465e+00
3.466490607422620940e+00
3.401313637121873512e+00
3.723092765614546273e+00
3.868901779246329387e+00
4.081252564838341534e+00
2.679682863255123060e+00
3.379405044694579363e+00
2.827030215193155449e+00
2.842632619746845890e+00
4.000741982903922356e+00
4.202065940216233919e+00
3.463162276494017533e+00
3.913364064704336620e+00
3.814677513577657386e+00
3.146026666410500106e+00
3.181910421386625387e+00
4.047759675532755175e+00
3.477922885285447574e+00
3.223846280807487030e+00
3.294335431471034692e+00
3.188699129273442345e+00
3.034136986834677252e+00
3.553321937445627299e+00
3.952548703450252887e+00
3.089533404124082061e+00
3.267214792790849032e+00
1.845032645846641062e+00
3.008718650555430862e+00
2.543749412231969487e+00
3.836405835749111315e+00
3.717225134727736524e+00
3.423299088722997041e+00
3.301205028005258502e+00
4.505416068172371169e+00
3.519928054861463540e+00
2.152566060137215853e+00
3.364581578778851778e+00
4.177307826062579998e+00
3.713440936385268287e+00
3.700932644814955097e+00
3.393951221686393183e+00
4.348812271147980191e+00
3.454460891889349128e+00
3.199497629582460867e+00
3.746291709748515775e+00
4.066398500862348442e+00
3.087104020746479272e+00
3.379228887778497281e+00
3.757829514727578868e+00
3.681936108118437190e+00
3.985257209769615727e+00
4.067178411687605077e+00
3.703463552566323980e+00
2.843940324840639189e+00
3.410837662755324740e+00
3.763906776553232358e+00
4.099379508023682561e+00
3.504586608026891259e+00
3.787177685749053335e+00
3.456941604908398968e+00
3.261797917220076393e+00
4.496152432762161588e+00
4.341339197962576613e+00
3.472870465223178549e+00
3.534391667226086664e+00
3.896884291400573019e+00
4.070707185570307196e+00
3.292497375023015760e+00
3.890767946310904168e+00
3.426808936380024040e+00
2.931406071896395016e+00
3.999268269835109191e+00
3.900247716867920822e+00
3.670176167172427117e+00
4.085564264319451411e+00
3.394087352571405702e+00
4.049288485698423479e+00
3.453854130481033735e+00
3.258499748700727228e+00
3.141238508430203691e+00
3.821630216696543680e+00
3.222640052341287920e+00
3.480845527902882264e+00
3.586165630860140840e+00
3.515752158864871912e+00
2.001774615352362119e+00
3.858478480318953796e+00
4.009402838989569062e+00
3.035796704567003790e+00
2.998533034773010808e+00
3.882974550163285965e+00
3.903497986509962381e+00
3.952213543646670768e+00
3.462276904702333180e+00
2.934119761294990081e+00
3.430017205201432162e+00
4.011889431989972721e+00
4.071943016346248889e+00
3.257832423219170881e+00
3.700835754978316849e+00
3.578088083178848855e+00
3.214168905169403789e+00
4.252957192935046038e+00
3.918130037007062860e+00
4.168098518412600484e+00
3.947434984418585202e+00
3.190427222862468604e+00
3.996494943495638719e+00
3.104007313968757842e+00
3.376517625297019709e+00
3.773684189703481184e+00
2.860230545978813765e+00
3.945492199621550622e+00
4.141393188580657636e+00
3.219015180615629745e+00
3.903084656636539584e+00
3.552590057620351960e+00
2.507643644440901820e+00
2.817317073618156975e+00
3.945835510081296071e+00
3.367111571011053961e+00
3.431891102677412153e+00
3.668223870453863888e+00
3.208420996959745697e+00
3.397886874569209681e+00
3.776583938365222881e+00
3.065225431446310989e+00
3.257514580083243239e+00
3.558455780683931202e+00
