4.331876555153026942e+00
3.523452248833636613e+00
1.800569165580066189e+00
3.353880022379989168e+00
3.487377817867829410e+00
3.757982724416197406e+00
3.000569941544595221e+00
3.570655183144220590e+00
3.390660075836517073e+00
3.069092664894065958e+00
3.900687368297694135e+00
4.435506861086725650e+00
3.751918750439918959e+00
3.492337111128493987e+00
3.132061628451774826e+00
3.111596411986204735e+00
3.606593090240583166e+00
3.379474539046115389e+00
2.834141325949303347e+00
3.464089651488916122e+00
3.110783716130985255e+00
2.113077941591521736e+00
3.146674589411585288e+00
3.317802639584174429e+00
4.463504627916744738e+00
3.247957035333306486e+00
3.548117977148203206e+00
2.688647395840855658e+00
3.682910378812516594e+00
4.379668174287114191e+00
3.882193216727047425e+00
3.757945381769480786e+00
3.667010220104170770e+00
3.255197849337955862e+00
4.117443949289938843e+00
2.402524534792663147e+00
4.092766980692227996e+00
3.269191987061397686e+00
3.726805991065948120e+00
3.899718659522014352e+00
2.984293943820003570e+00
3.766838868989169864e+00
4.767728582967369455e+00
3.556890892285032635e+00
3.933752164878016711e+00
4.072194975759698465e+00
2.735893608338045180e+00
3.827139939328854989e+00
3.710058840798758251e+00
2.442983007552554042e+00
3.733442636073546872e+00
4.218118759615180124e+00
5.010009884125173230e+00
2.921357535845755304e+00
2.518495180313526038e+00
3.908196241140753813e+00
3.366733718745790860e+00
3.954087347012479992e+00
4.122413931020707523e+00
3.598783940386001134e+00
3.540936176865033147e+00
3.826076259360627674e+00
3.253571767071079091e+00
3.497135912091785759e+00
3.494160173087364374e+00
3.778540300809286823e+00
3.476357149115523626e+00
3.052270715447696237e+00
4.239381237192105800e+00
3.789090085914323502e+00
3.663608746093722335e+00
3.667156506109590097e+00
3.535879835143274530e+00
3.856021538854334185e+00
2.870799082336704888e+00
2.645752531098225280e+00
3.619291503854250802e+00
3.008712942308098270e+00
4.002754293470595748e+00
4.060580341757048295e+00
2.719030274976468320e+00
3.366646437994567975e+00
2.895435047531485395e+00
3.621920333544360826e+00
3.560800841304406106e+00
3.616169821833207454e+00
3.713155439303132521e+00
3.652764607764816596e+00
2.951698916545277829e+00
4.098472719974490808e+00
3.196895535331321092e+00
3.860566249777959147e+00
4.433796997994376987e+00
3.125166644470841693e+00
3.906483292314188560e+00
3.728337041103745975e+00
4.267978752923299979e+00
3.676228698320179511e+00
4.112876213361495559e+00
3.632148748393888127e+00
3.602959834899817526e+00
3.438582788048656802e+00
3.648975606404327277e+00
3.415727214791223876e+00
3.740317202855881540e+00
4.193364709319094885e+00
4.008288625201217314e+00
3.966596998810318464e+00
3.266073511206867064e+00
3.311242199775280337e+00
3.210835957443458621e+00
3.273373116422438223e+00
3.600222859227970584e+00
2.915894245489365044e+00
3.803550401310494600e+00
3.152070919090142809e+00
3.406775002399875074e+00
3.516207539880771726e+00
4.022163493294018011e+00
3.515741523620859343e+00
3.298852380661843053e+00
4.236090633600849920e+00
3.498950632564523211e+00
3.612028887777703368e+00
3.591633656000841057e+00
3.273429495188154625e+00
2.916984445962015116e+00
3.940907762869630293e+00
3.617971849481791402e+00
3.577261831658028246e+00
2.893426304480547717e+00
2.786694898142689336e+00
2.839685787930048555e+00
3.703369481468391733e+00
3.655272995990500373e+00
3.552963248418053333e+00
3.471941124177839733e+00
3.253008740456111880e+00
1.946385673545003137e+00
3.417453295603355201e+00
3.204088659678209883e+00
3.790728941350093084e+00
3.280613166948501469e+00
3.324329288656432624e+00
3.312288941167731426e+00
3.207440875287662863e+00
3.205032513546034245e+00
3.351127749186272098e+00
2.824229399233990190e+00
3.625314515594197928e+00
3.892250457135424391e+00
3.469396975578343589e+00
1.811922557377855458e+00
4.173266182438836402e+00
3.732475979245454489e+00
3.431559930941609160e+00
3.608564587560203041e+00
3.346735253602708848e+00
3.023362623512925840e+00
2.839956892448786796e+00
3.582113501015303569e+00
4.182914040220070184e+00
3.229599445278771075e+00
4.151692352907456751e+00
3.483465013338574945e+00
3.638520424739657866e+00
3.118014080791013942e+00
3.876186739722764951e+00
4.124637449330964323e+00
3.418545123054742785e+00
4.443552023345386459e+00
3.422692720955553547e+00
3.431548682049123222e+00
3.748904117894534149e+00
3.487308257809948575e+00
4.076859175472628216e+00
3.260219154755381155e+00
3.637942152885585312e+00
3.867362112155203313e+00
3.110676927907036315e+00
3.141971863441908042e+00
3.238734549694061826e+00
3.694476744979039662e+00
3.508303218958775282e+00
3.553349145651495622e+00
4.062208734622339890e+00
3.356709858240346289e+00
4.148027477979998601e+00
3.550235601012837527e+00
3.602302935955739027e+00
3.687328759369050690e+00
4.045736988542787849e+00
3.275621170915352209e+00
3.157080575345820872e+00
3.428190032540658461e+00
3.527441491590390221e+00
3.684087694045553807e+00
3.384322226939802558e+00
3.171665983798498178e+00
3.678215292038128137e+00
4.102672340617841584e+00
3.703184887808795622e+00
3.625702103698707379e+00
3.682450931008652173e+00
3.309357838659003459e+00
4.013399616497323130e+00
2.756561634311357256e+00
3.317736179702837074e+00
3.756859017627476760e+00
3.855548808552742290e+00
3.537181759676746751e+00
3.209470968144531700e+00
3.661109122052781828e+00
2.983485218948130679e+00
3.461764438388595266e+00
3.480374791006767943e+00
2.986417057207330750e+00
3.195464124274026041e+00
2.966649024831371495e+00
3.722326202449277144e+00
3.648491132585578001e+00
2.946462543755139052e+00
2.896766584411109235e+00
4.096071817938708115e+00
3.654942289609860673e+00
3.388113192244009753e+00
3.682674138900809524e+00
3.633245309093898534e+00
3.753256308979368683e+00
2.692739559391366111e+00
3.449604307040571083e+00
3.233102531187868500e+00
2.922323640511153897e+00
3.806504883566829811e+00
3.640879112364571846e+00
4.059697993181057285e+00
3.000150633621001983e+00
3.629833403839127115e+00
3.716321034122042288e+00
4.206667614472783256e+00
3.420839077755418511e+00
3.637711577573658595e+00
4.362517553462136100e+00
3.689704599054750567e+00
2.513284670061300297e+00
3.989999794561184476e+00
3.353538032540924085e+00
3.318178641673826590e+00
3.618505503896006115e+00
4.035622442649529518e+00
4.379310737125323705e+00
3.768295708912905440e+00
3.796492718797308985e+00
3.528934910559734739e+00
2.458390877522564466e+00
3.841085690104740102e+00
2.873989140870241155e+00
3.765055369449065825e+00
2.976575541571994332e+00
3.289663694653167436e+00
3.471454091770902473e+00
3.090118176449577536e+00
3.551129344223769468e+00
3.206733240560093456e+00
3.354348193468723149e+00
3.429865434714197026e+00
4.017408033141348866e+00
3.176259367133460021e+00
3.845270025113785906e+00
3.335469131176958424e+00
2.931627678347412669e+00
3.210782105390808550e+00
4.008219951823672744e+00
3.156088544679647168e+00
3.918384577908932354e+00
4.569920341621515725e+00
3.857419078718080208e+00
3.633702041602180799e+00
3.285957413815109973e+00
3.694042529900487093e+00
3.105933486779632879e+00
3.665330400386989318e+00
3.289383539576953286e+00
3.959244147001305780e+00
3.536090598741040925e+00
3.503355210066277703e+00
2.324584525919053402e+00
3.112968499626145746e+00
3.265945873040818181e+00
3.911420743575742875e+00
4.146278884844887713e+00
3.245582513586887430e+00
2.840376792249551308e+00
2.862336873161907214e+00
3.272726661881953714e+00
3.636934577193678741e+00
2.684364242012838631e+00
2.192225649092681028e+00
3.658713566490582547e+00
3.863955529231215102e+00
2.933810423661335598e+00
3.919938986127275538e+00
3.653128448822530405e+00
3.899053003897534175e+00
3.709473263150841138e+00
3.252772737968388395e+00
2.658829168032716517e+00
2.082357139098691690e+00
3.344540766515854191e+00
3.299466975031393190e+00
1.940440238970474462e+00
3.650126358958786010e+00
3.444722816609458782e+00
3.114898991191856759e+00
3.097536526045067351e+00
2.874106130253146318e+00
3.481305413503665402e+00
3.399323790177470439e+00
3.964150067450809889e+00
3.267687416046206383e+00
3.708226562931063786e+00
2.952516311590074771e+00
2.907050320874624560e+00
3.320078955333123805e+00
3.474282795124826517e+00
3.571074424743084563e+00
3.901169498038157712e+00
2.840574133760771502e+00
2.184331694748948394e+00
3.333906642165163969e+00
3.430701780532864564e+00
3.190666974015843316e+00
2.779337663166681516e+00
2.908396638490571284e+00
3.499659317930318370e+00
3.972895875432455259e+00
4.370980368016361695e+00
2.663562217416254541e+00
3.674253838073505030e+00
4.177752217900290610e+00
3.719571944609783465e+00
3.214113700129411999e+00
3.549041009753349574e+00
3.542489737560596819e+00
3.627481718482127526e+00
3.196285693724463695e+00
3.623793648409508794e+00
4.243987951872930431e+00
3.708822377941282333e+00
3.345337139800920401e+00
3.368161406180333994e+00
3.668713611970542132e+00
3.632499758163826087e+00
3.436609672790015058e+00
3.874833226476626535e+00
3.647002960483105571e+00
3.601299701595215730e+00
3.419366188005338980e+00
3.134992011574492032e+00
3.675335496441805905e+00
3.005574248380412872e+00
3.840393978514705431e+00
3.111421385296982312e+00
4.160737783865643635e+00
2.504017353797503453e+00
3.482402546250731756e+00
3.933116249082967197e+00
2.988075199031910323e+00
3.081371380120363934e+00
3.037120736461849546e+00
4.264161090238093088e+00
3.271841547581768594e+00
3.280553395595659172e+00
3.611796760936035078e+00
3.783614699861697517e+00
3.729883203652167190e+00
3.672258050015740238e+00
3.364611521249310400e+00
3.345925974991964758e+00
3.830970947806874527e+00
3.389235444254866447e+00
3.539537845470290822e+00
3.864676984466398402e+00
3.163944583991448845e+00
3.326634328027816334e+00
2.826493513599209084e+00
2.967351461823183545e+00
3.599908635613783048e+00
4.314635697332675157e+00
3.447129213871591880e+00
3.532650934750857452e+00
3.285637396219344364e+00
3.592279151215747479e+00
2.934219854799738236e+00
3.281072300644653161e+00
2.872389688975539368e+00
3.555386176132076415e+00
3.817871791378116164e+00
3.400139082682787084e+00
3.936028768246171428e+00
3.134341681098694377e+00
3.980059731403811529e+00
3.394035630072898435e+00
3.399671879035263355e+00
3.572879729824997685e+00
3.312744519207877936e+00
3.701379092264335036e+00
3.925992596515456068e+00
3.756974621153040150e+00
3.875173920491612911e+00
3.348413301529640673e+00
3.727833578396193559e+00
4.201617671008516020e+00
3.427436979050788590e+00
3.587643485855638303e+00
2.637122623423402867e+00
4.065046439377435483e+00
3.205273459990332530e+00
3.495263387742823191e+00
3.465443793075527967e+00
3.618937432653413833e+00
3.348014159614752128e+00
3.420947862392482719e+00
3.233054773508091451e+00
3.253596512446013111e+00
3.367463915106847949e+00
3.079294505269363214e+00
2.573740354787755091e+00
4.194792954999472023e+00
3.682736267835019728e+00
2.612178859827644306e+00
3.323408757586881812e+00
3.245952733114177313e+00
3.396927288469170136e+00
3.996263508262572373e+00
3.394948894736996348e+00
3.715296192079919901e+00
3.353782202614283392e+00
3.619456926193341584e+00
3.469250119347933481e+00
4.161631703638995816e+00
1.003026384527152315e+00
3.807206763113381687e+00
3.756618823600191170e+00
3.351938783200276273e+00
3.257178687297238806e+00
4.011354899636555338e+00
2.999286488284678143e+00
2.861203627823901918e+00
3.981069560393883044e+00
3.835729436589708552e+00
4.557345417973133195e+00
3.992270490087189927e+00
3.282535987578950820e+00
3.438767653446433759e+00
4.083238743322316289e+00
3.546136726207396173e+00
4.181403900844927968e+00
3.956883103822327552e+00
3.767207600453989613e+00
2.395443184353487798e+00
2.921409141050129499e+00
3.559855933023791774e+00
3.613206023472361750e+00
4.006406460265911740e+00
3.629899204962451886e+00
3.311341220995974499e+00
3.437252638570639007e+00
3.560171230260054998e+00
3.553163041563752067e+00
3.270753149750099453e+00
3.875112514656440243e+00
3.245106249239683383e+00
3.162481319452997042e+00
4.198102408670620456e+00
3.709401783536592223e+00
3.543619355668734094e+00
2.635626121439097247e+00
3.425648619954769103e+00
3.071865588850451356e+00
2.937747053703966937e+00
3.449425003932211631e+00
3.408392500370417633e+00
3.710923057456403384e+00
3.879618150429119616e+00
4.085073198636453462e+00
2.697201789241628234e+00
3.394816366048409417e+00
2.822911885750678085e+00
2.845037541458657504e+00
3.978116968890859084e+00
4.192613918370513559e+00
3.490701267408649944e+00
3.904169249496289851e+00
3.810674476197160487e+00
3.160387128964416981e+00
3.225159789971959068e+00
4.055185343452916591e+00
3.502032451496355225e+00
3.218263939079922142e+00
3.309304231644830008e+00
3.236541879837228741e+00
3.027975839991245088e+00
3.537916628624340198e+00
3.972048879943692601e+00
3.079963833592291422e+00
3.272583332615590201e+00
1.847906645312227480e+00
2.996101118205963587e+00
2.552265843199098327e+00
3.838682160316516878e+00
3.715775171391194842e+00
3.472503936907763489e+00
3.299765002015961901e+00
4.500736081798089039e+00
3.535701526647696991e+00
2.144818483702112477e+00
3.327049905907149441e+00
4.189875261401192930e+00
3.723705897645952945e+00
3.746990093919379206e+00
3.392201759783189718e+00
4.369072518879836053e+00
3.472363224685306449e+00
3.205467082751255692e+00
3.769572495236183762e+00
4.097746913817425174e+00
3.074948435044668749e+00
3.434844655602883545e+00
3.745752067354719994e+00
3.675830171355727316e+00
4.015377823860095674e+00
4.068072943750764559e+00
3.695806341224206815e+00
2.920477249951194398e+00
3.427326352848372615e+00
3.784358017002900088e+00
4.051762283713370216e+00
3.491214404729485743e+00
3.766766522096114400e+00
3.453187706830874504e+00
3.267457506766849651e+00
4.470640246545060315e+00
4.405212091926871132e+00
3.543803727680254312e+00
3.553217545910785979e+00
3.849807764629157969e+00
4.144199984274719917e+00
3.305683006020188053e+00
3.869196772930277195e+00
3.424446884580859329e+00
2.936831548694502914e+00
4.020175318043426316e+00
3.896940709305490635e+00
3.661601058853421797e+00
4.063056948239655242e+00
3.429416365718728876e+00
4.026626598539725599e+00
3.465730674876338568e+00
3.267906330816787719e+00
3.137179720142278860e+00
3.819438261619856778e+00
3.202421420249391915e+00
3.466872068687048447e+00
3.610771709883024982e+00
3.513481994840826239e+00
2.014660205540246274e+00
3.885143123801608311e+00
4.038806665901391035e+00
3.045126384893804605e+00
3.013740277570744031e+00
3.912731858443159183e+00
3.902930162587833873e+00
3.961731996283322843e+00
3.549551388211888980e+00
2.877277262693574311e+00
3.430418752537790272e+00
3.996697169993018939e+00
4.066308295289362995e+00
3.265538280836886020e+00
3.724354142165567705e+00
3.600893498373795243e+00
3.201545099747444389e+00
4.250572352581839297e+00
3.928636501771418210e+00
4.161124053189092287e+00
3.937683798529115098e+00
3.211276196192549115e+00
4.030302128910092208e+00
3.108851438366490694e+00
3.385314964933402226e+00
3.781007907685029590e+00
2.865533583022329633e+00
3.934925932765145351e+00
4.134792609444903455e+00
3.211934078658007063e+00
3.921675255920588299e+00
3.522351456327772912e+00
2.509093346044646289e+00
2.825293365424511816e+00
3.943244747366221770e+00
3.388468054207989688e+00
3.444563091852528292e+00
3.687392780406800519e+00
3.214340230142012977e+00
3.392606546980656557e+00
3.788453507194432746e+00
3.063920439777538807e+00
3.299803149731137530e+00
3.554618576228063542e+00
