4.333762697714157675e+00
3.371404663248302125e+00
1.659476817608853683e+00
3.269585372763485154e+00
3.475907120399810868e+00
3.878355935611936367e+00
2.974786393226343417e+00
3.585594632047997443e+00
3.385920934864782517e+00
3.073967535310647925e+00
3.923308623017196961e+00
4.470906497235353605e+00
3.745443219386301870e+00
3.552886468229587980e+00
3.079975525912728607e+00
2.988751468133350464e+00
3.489884174978721276e+00
3.328069805494847433e+00
2.915173270807432271e+00
3.503061203627277909e+00
3.126563782200303621e+00
2.002163504837301211e+00
2.989931764956587745e+00
3.265296673700698982e+00
4.316949753868600581e+00
3.273635453388460181e+00
3.533058726074771005e+00
2.630764136790262331e+00
3.580558453425097820e+00
4.255106865211002010e+00
3.879780867782039344e+00
3.777133652446296175e+00
3.608163932218370729e+00
3.240948559744661228e+00
4.163091660827383578e+00
2.402296629582282073e+00
4.100268134319106750e+00
3.303808920920658920e+00
3.666796596594679603e+00
3.958670519956697831e+00
2.901709422093226021e+00
3.819183719506138885e+00
4.869044137823617113e+00
3.635302503419370002e+00
3.955529122840454548e+00
4.117697268687765089e+00
2.674102972020753644e+00
3.806203961809836223e+00
3.600871257862786834e+00
2.331953084043910440e+00
3.767915121276301349e+00
4.146823567786161568e+00
5.036441296762605546e+00
2.916463914670747393e+00
2.507309317603755527e+00
3.952592314214547820e+00
3.367745249144483921e+00
4.009880997668762603e+00
4.020421171812341932e+00
3.565879385004118163e+00
3.432644248266079945e+00
3.776633582203500428e+00
3.182367823953525576e+00
3.473523156089238562e+00
3.357440402594217499e+00
3.754297786797314185e+00
3.345098790474496653e+00
3.061698543305843678e+00
4.183193310375144414e+00
3.686494898229449646e+00
3.711881410346907995e+00
3.567077314684893086e+00
3.521234764408048612e+00
3.711496094519398881e+00
2.797658161912056407e+00
2.535493094338910680e+00
3.488594464245980742e+00
3.043070123821302264e+00
3.930763860787241715e+00
4.025248915506280944e+00
2.714775249445627203e+00
3.408373675262504676e+00
2.783069168363482060e+00
3.590216972078307034e+00
3.497680633836361519e+00
3.557625903769771281e+00
3.675908869372531029e+00
3.575045580544153001e+00
2.688499158425244229e+00
4.029628189486289536e+00
3.205360597520800603e+00
3.895400599369666761e+00
4.493878348458030914e+00
3.158426557035647786e+00
3.863243636412319937e+00
3.689477068136470805e+00
4.242674682378572371e+00
3.598316362937686641e+00
4.251041606081185087e+00
3.625625428213636869e+00
3.578274442957043444e+00
3.491999389005030707e+00
3.611066974368291049e+00
3.419415996407262348e+00
3.593232937063614685e+00
4.124637982920119406e+00
4.056971157055027533e+00
3.926322550789127064e+00
3.312221166642470571e+00
3.202451201916410639e+00
3.245040424728832917e+00
3.181587921631777505e+00
3.572384312712786780e+00
2.794870906518380771e+00
3.810523678536713366e+00
3.113000989769834081e+00
3.462649177877513917e+00
3.449364116365924549e+00
3.968010020640463154e+00
3.573546025819716032e+00
3.309592115352853803e+00
4.182013372605013046e+00
3.382881863613686146e+00
3.567260708306376760e+00
3.515561271843153701e+00
3.272423924540331708e+00
2.841927780838450435e+00
3.798344910881759517e+00
3.589463697038031142e+00
3.638615020138479483e+00
2.774986294489559135e+00
2.741551894608209139e+00
2.824857054740517182e+00
3.775796931640746035e+00
3.669564969007674371e+00
3.676847615524437174e+00
3.340328625303265575e+00
3.240867410860407638e+00
1.928716762317761235e+00
3.402687000143429508e+00
3.146373391552923504e+00
3.762657341951398227e+00
3.300718090794643622e+00
3.295219484060876169e+00
3.351567950565669918e+00
3.276269693979427799e+00
3.262252443686800341e+00
3.237975141480287533e+00
2.865149433546454460e+00
3.683667991149013332e+00
4.088854850752619896e+00
3.307960179279761714e+00
1.738465359983603298e+00
4.109382052305246447e+00
3.794880594285978237e+00
3.353631443042413451e+00
3.603821614246696559e+00
3.412921755884471331e+00
2.947694226634434589e+00
2.883405504102010575e+00
3.578686841370687155e+00
4.197666037845470655e+00
3.278620886896600695e+00
4.106497060278793576e+00
3.453233923211346923e+00
3.569200443920103272e+00
3.082850013342148809e+00
3.699535501193522258e+00
4.144979377881821136e+00
3.468895397082244259e+00
4.383886204648074880e+00
3.398426038516333403e+00
3.419579708729942880e+00
3.801869571124645741e+00
3.570722489067867045e+00
4.094467529170001008e+00
3.249522636045465873e+00
3.546211326631595995e+00
3.941978927833997837e+00
3.067069894722873613e+00
3.234974939555430140e+00
3.223066782718755352e+00
3.668033522583397765e+00
3.420998293789861755e+00
3.516742806675167810e+00
4.053284427132197720e+00
3.245823053994285168e+00
4.054896504049327000e+00
3.402027413165915615e+00
3.502174888306733180e+00
3.677282074157106617e+00
4.088414028142508094e+00
3.094272417513423967e+00
3.159497058278181392e+00
3.393188423083021377e+00
3.430403815559484926e+00
3.658228638954013956e+00
3.346551064440215217e+00
3.105194740133441655e+00
3.665904066516849191e+00
4.105412411405762185e+00
3.660856695931259619e+00
3.578176394362063473e+00
3.580631103062027254e+00
3.220214252741848249e+00
4.036417412798822824e+00
2.832498282593387540e+00
3.300209764657246136e+00
3.596116340581616999e+00
3.834399119845629311e+00
3.448559970982909118e+00
3.114835306413880289e+00
3.652152965689277053e+00
3.085419855141037448e+00
3.372185068307163469e+00
3.419854120630727135e+00
3.053407342047499640e+00
3.122677613934591978e+00
2.966810502736408672e+00
3.692358960956648506e+00
3.530383628973463583e+00
2.924782351088832666e+00
2.831890855364389559e+00
4.041053997080124915e+00
3.662351347277346125e+00
3.410377683396558890e+00
3.553966645015668391e+00
3.639669601540435284e+00
3.774200386929534634e+00
2.688061846445321645e+00
3.305017182361122963e+00
3.287607787984017538e+00
2.815478088858461181e+00
3.898182516853067270e+00
3.646730319490728345e+00
4.127884203941801999e+00
2.932518951910596527e+00
3.630190900545172017e+00
3.665693545980478252e+00
4.322627605436792919e+00
3.247698809074545778e+00
3.666478248455988354e+00
4.462641086537109558e+00
3.660739898109786061e+00
2.426788583125035537e+00
3.912993538632122181e+00
3.240879574294791343e+00
3.236499462360102441e+00
3.637629021725029332e+00
4.012738710346805959e+00
4.171434796663295863e+00
3.718140222420742269e+00
3.640870554473730980e+00
3.438445062618125991e+00
2.426787415051424368e+00
3.832799867515965353e+00
2.875934714948586546e+00
3.641498391837126647e+00
2.945881499024824102e+00
3.175558349014984572e+00
3.404841973544756595e+00
3.094752861258204479e+00
3.506693770258837883e+00
3.184316230857463292e+00
3.351022271812080344e+00
3.400783939498329467e+00
3.986782458776425564e+00
3.108603812273706524e+00
3.917693925884131900e+00
3.401515746216549729e+00
2.908641924913272003e+00
3.119778429717881441e+00
4.048457145368471899e+00
3.211870743179682020e+00
3.835712672598474260e+00
4.643677493924556643e+00
3.992685307561099961e+00
3.615075325301731368e+00
3.195376353840549299e+00
3.697664966180949531e+00
3.096743326635130966e+00
3.607014954536854834e+00
3.280219921660877169e+00
4.045656350655293387e+00
3.421028918059226154e+00
3.441463512659281854e+00
2.304930555464208553e+00
3.135627711238812232e+00
3.206506304092295867e+00
3.818804408715469556e+00
4.057853725469315442e+00
3.246436895455145244e+00
2.887583359304950026e+00
2.951759395748346115e+00
3.170480611963491402e+00
3.433006410159950672e+00
2.728595141416948255e+00
2.203354545830526590e+00
3.645638510375040831e+00
3.699324678627265328e+00
2.884413699877289350e+00
3.899676785413395130e+00
3.612358944727509069e+00
3.900712015439334213e+00
3.663421153827691512e+00
3.262430917543060804e+00
2.724516764235929589e+00
2.015546967461952388e+00
3.146371546968354860e+00
3.262019975562493457e+00
1.865613880406448155e+00
3.637696648044125958e+00
3.440535882821236235e+00
3.168964242528723219e+00
2.977808042863872018e+00
2.880467835439016078e+00
3.359958829823415982e+00
3.329897891946166588e+00
3.849317501350628223e+00
3.226433617995093872e+00
3.773120154845555074e+00
2.873954128901792249e+00
2.916174704665824180e+00
3.362692692469066547e+00
3.450935144481430683e+00
3.417481765739884381e+00
3.890254914651600782e+00
2.768287984107920874e+00
1.903573441014394518e+00
3.280308154132437704e+00
3.349010235306947969e+00
3.119371148413281336e+00
2.805634910669498883e+00
2.840093792639568626e+00
3.492879257959830230e+00
3.881207271819076876e+00
4.452449727479938169e+00
2.530570146275231469e+00
3.582565335372925652e+00
4.194166696776075121e+00
3.748330654434251397e+00
3.302066594779737851e+00
3.420259660449714634e+00
3.463781910268954434e+00
3.611532532475651536e+00
3.049321408172228853e+00
3.647343139104595622e+00
4.116284236899320881e+00
3.710262202270535603e+00
3.428832273475471482e+00
3.321352740781864377e+00
3.623468758754210928e+00
3.701232239881745656e+00
3.403179552354097748e+00
3.889176024541360910e+00
3.601869417818136743e+00
3.549524345631937194e+00
3.584002780963310819e+00
3.094746994064783596e+00
3.751457455827624798e+00
2.986043552109177934e+00
3.746409362826260026e+00
3.063271222554282858e+00
4.182352724355827611e+00
2.492417862363728087e+00
3.340594202906417287e+00
3.964429566920730341e+00
3.023912509797452852e+00
3.041265219355822502e+00
2.963492070414382340e+00
4.195199506918973142e+00
3.256161456292949286e+00
3.333904742297329360e+00
3.600779033886252201e+00
3.809489290685191598e+00
3.681007689456149201e+00
3.681607648827145862e+00
3.216755928500552475e+00
3.373840672649377481e+00
3.878077395876910138e+00
3.383601838063534650e+00
3.624354304522880543e+00
3.772651882075022556e+00
3.185891768676988534e+00
3.300104425489495341e+00
2.880948957744325689e+00
2.933686277172844026e+00
3.717430310411355521e+00
4.381673939057527889e+00
3.331297303690039957e+00
3.464199337922953426e+00
3.300739976800390441e+00
3.509922391300158928e+00
2.974437655706375416e+00
3.376225988983187154e+00
2.837704688047489210e+00
3.396169778371203929e+00
3.666016293851216190e+00
3.268915873562692198e+00
3.807236648304389348e+00
3.068784846042774017e+00
4.042744790798812993e+00
3.346790051063154969e+00
3.427546170767103551e+00
3.466730172394308251e+00
3.425928989348643317e+00
3.561868338068640671e+00
3.913007552440085579e+00
3.712120236855224853e+00
3.772706495778221036e+00
3.405857848266193866e+00
3.649398359786971913e+00
4.104495197349415037e+00
3.461327336270513921e+00
3.500465974805853975e+00
2.455884953986240848e+00
3.927025693074557289e+00
3.099625799533610948e+00
3.450525795848954136e+00
3.394656872458550190e+00
3.551115942379217127e+00
3.336459647105023851e+00
3.373459318492082915e+00
3.184334421695169226e+00
3.231175702148017859e+00
3.307762471714049024e+00
3.109570856169009190e+00
2.594451435739362655e+00
4.316027728217012971e+00
3.696678564247656951e+00
2.643776123036313486e+00
3.287091286379225874e+00
3.125797170785979961e+00
3.320252910009608094e+00
3.906097935859604853e+00
3.495959661354745673e+00
3.699873582517768877e+00
3.403461004425642145e+00
3.505863878650523180e+00
3.402107481158264335e+00
4.070628553520386994e+00
1.010099416203407374e+00
3.685023836712905343e+00
3.752999544907674512e+00
3.194344102158980458e+00
3.275753351904386879e+00
4.077987257133894872e+00
3.118193351189358253e+00
2.788934538556916642e+00
3.948528998511667609e+00
3.863817146303107464e+00
4.551595068732769533e+00
3.995767583258795330e+00
3.148922142753780573e+00
3.452898601478633367e+00
4.250015803781346690e+00
3.534276727232516624e+00
4.242766516201816884e+00
3.868097330885933882e+00
3.682727231554587810e+00
2.308015190678738726e+00
2.781267897071881379e+00
3.518399299356930854e+00
3.589537204289751315e+00
3.955660865462754749e+00
3.571953996390285990e+00
3.176612417564045998e+00
3.478417809273503192e+00
3.518027953674036201e+00
3.589677380990710986e+00
3.124265300436029236e+00
3.832894530368253783e+00
3.234688043030017557e+00
3.123842935679626454e+00
4.164601205307341125e+00
3.740792705704807819e+00
3.534843972419310809e+00
2.640571459141171307e+00
3.461393626741222640e+00
3.073462715786220656e+00
2.975028604218390882e+00
3.511115656884879144e+00
3.395803996677055014e+00
3.725095152447837954e+00
3.884964598990794826e+00
4.133103512634018983e+00
2.568920705345284716e+00
3.302981019513243854e+00
2.823537236513343984e+00
2.768843129733709940e+00
3.971784671281773260e+00
4.358824144691038960e+00
3.451148202853415281e+00
3.822061798322494042e+00
3.782036475900333983e+00
3.042815785400349693e+00
3.040168719148001131e+00
4.083135692048768917e+00
3.456360716014214240e+00
3.210556012016847038e+00
3.391662858011025072e+00
3.190065761441637449e+00
2.957753415111741724e+00
3.506287170034016132e+00
3.918562931798591276e+00
3.040765068358046719e+00
3.265727283560884597e+00
1.804069738886600938e+00
2.985898457054616095e+00
2.514609404005436755e+00
3.732642373918847678e+00
3.752459871570367866e+00
3.385519985011330668e+00
3.306013778520938473e+00
4.364847107417900496e+00
3.481221392779263457e+00
2.105311810490060775e+00
3.343408474098847449e+00
4.134483841187987174e+00
3.691930836428080287e+00
3.814757115887340344e+00
3.312996870579357989e+00
4.250254228339124474e+00
3.485448925284535981e+00
3.160333061004735100e+00
3.626071143717686684e+00
4.089881837054540448e+00
2.983011077089924079e+00
3.544650133339485087e+00
3.782113262169655155e+00
3.603955702826517893e+00
3.924580481594329484e+00
3.971661127148077064e+00
3.721561320902747827e+00
2.924961049850149042e+00
3.465789063281006666e+00
3.710442039789084490e+00
4.023425083218345577e+00
3.490687555330442393e+00
3.768518352232686830e+00
3.509166361371693021e+00
3.227014046357324251e+00
4.484811154481546325e+00
4.487655771510749680e+00
3.587610985905341110e+00
3.622981725152254917e+00
3.715178862616168143e+00
4.148358898015201746e+00
3.152531723994746571e+00
3.789773528740162600e+00
3.358223129014879849e+00
2.941448653947842384e+00
3.898464439129152748e+00
3.849035439414704385e+00
3.722610113302979862e+00
4.039048802545176287e+00
3.369396675158697008e+00
4.065619245106018909e+00
3.548154779078540155e+00
3.210100261733628724e+00
3.118353458573801529e+00
3.787470167447212877e+00
3.283471991256265987e+00
3.483798580334184436e+00
3.599908200935591829e+00
3.549072881014056602e+00
2.000315217955993319e+00
3.823098021115484801e+00
4.057605752274886513e+00
2.999113934943503423e+00
3.216177126070885350e+00
3.828158608906571114e+00
3.865937497909942344e+00
3.995210860520063800e+00
3.622282568148130544e+00
2.923078493508553866e+00
3.399898291541850970e+00
4.101380277372355110e+00
4.081197233984290129e+00
3.211146293586173872e+00
3.555666541160120264e+00
3.468942768468231908e+00
3.208801816202972113e+00
4.320001048156058232e+00
3.842816626217900211e+00
4.135692673850910772e+00
3.917512665884471001e+00
3.226670318830998863e+00
4.008343935456998075e+00
3.085482203908838539e+00
3.391924483785213607e+00
3.872263684745552492e+00
2.799155997367300586e+00
4.061899316188794629e+00
4.078387506070436430e+00
3.178976663998371865e+00
3.909567675528736519e+00
3.278583377219215667e+00
2.564513469167894133e+00
2.836506699967158873e+00
3.808923365886214718e+00
3.416763770867590200e+00
3.394691011252533919e+00
3.776519455983805784e+00
3.256144866670781735e+00
3.347761806217677716e+00
3.788086965691140229e+00
3.101838608602537128e+00
3.325187003786820750e+00
3.572827865642326461e+00
