-1.649842001343599859e-02,-8.068063424412261209e-02,1.694891769209733862e-02,-4.089995116350550464e-02,4.797947079602531834e-02
1.021695557667035847e-01,-1.462134431464300749e-02,1.112884771061745104e-01,-1.136170144758297945e-01,-5.709086927344973750e-02
-2.120779697238840966e-01,-5.307127965028543004e-01,1.518402017695929807e-01,-7.300215337586408726e-01,-1.301247550422437449e-01
-4.444971888425858220e-02,-3.240463429486165614e-01,1.455855082977751402e-01,1.050003043209853937e-01,1.331670275362713540e-01
1.280917026391259206e-01,3.060731788009170631e-02,1.382413397660586275e-02,-9.846902294868155325e-02,-4.512079272102984678e-02
-3.063127395454548485e-02,5.736591666319276750e-02,-8.647392353694831335e-02,4.749241199210768594e-02,5.453144641473560428e-02
4.791798717863786361e-02,2.007883478416295497e-01,-3.292328312166423188e-02,2.382568751287739428e-01,-3.583062471095835311e-02
1.439142065028767639e-02,1.635442858622444470e-02,-1.358218438344120128e-03,-3.972795196550395896e-02,-5.507139089852767372e-02
-9.209617923002569317e-02,-1.532480923876919365e-01,-9.066556568509077929e-02,3.845904700779820828e-01,-3.115241774617969472e-01
4.824542343111241915e-02,-5.235355685561046135e-01,-4.298531569365496990e-04,-1.410122029510152974e-01,-2.107276510583953599e-01
-9.302062012729411800e-02,1.556777827818282660e-02,5.250612544822632483e-02,8.851498444761068951e-02,1.117413353448115654e-03
1.047452434034066016e-01,3.827783885759353244e-01,7.945563372002770186e-02,9.854082775298597663e-02,2.320599245918281983e-01
5.173840754242166329e-02,2.496219203023065381e-01,9.659232407297735357e-02,5.039826851757188420e-02,-1.408925575307367617e-01
-1.155960970511562130e-01,5.129732925116790160e-02,1.851646804390981449e-02,2.341492298320110854e-02,-2.519169258140203579e-02
-1.681583747552325425e-01,3.723744559112480285e-02,-1.920719669975651800e-01,5.301588416606794335e-02,3.917435044792694221e-02
7.076644668397708005e-02,-1.755690517810417489e-02,-2.103048026932863648e-02,-1.399861310386866509e-01,5.931295199344629315e-02
-2.214235089279384047e-02,9.595784243760362153e-02,2.876087607518394013e-02,6.304295696619387213e-02,-5.624340349085980850e-03
-9.867648941880790073e-03,-4.352641556914958049e-02,2.854306557241890682e-04,-1.078475635912399741e-02,-3.587994687237781172e-02
-1.234655518787159678e-01,-5.737941923138424605e-02,-1.003389730955803749e-01,5.397009193277098327e-02,1.190637100479733940e-03
8.104710138993787005e-02,-1.701977104867222756e-01,-2.826475461870709971e-01,1.800363069098330771e-01,-3.016671936555482270e-01
-4.464386295406803234e-02,7.680676743251538263e-02,-4.371919246836859091e-02,-1.641250079627288583e-01,3.996434120083215691e-02
2.982975925016558838e-01,-2.152867293440496599e-01,-3.804860190415265131e-01,2.289929228931482930e-01,2.324363394948114614e-01
9.219016878628468609e-03,-1.494438608484696847e-02,-9.899809733948519708e-02,1.354362644220105660e-02,8.589319173471406110e-02
-5.147967194159461940e-02,5.057547840955969876e-02,1.073159432487654497e-01,1.102510317845972407e-02,-6.111979862376874795e-02
3.679486291768048478e-02,2.768362205948368682e-02,-9.817168390582553528e-03,4.368326659300707931e-02,2.344511207684750465e-02
1.249074396593239777e-03,-1.039054528508607939e-01,-2.874442910422648351e-03,-1.375889821583934670e-02,-2.156414981668042241e-02
1.193639803921478920e-01,2.101571348996811028e-01,6.925682216287847026e-02,2.524646623539105947e-02,-2.464511985633070223e-01
-1.312816541338175103e-01,-1.026063753996745015e-01,7.898457254003701800e-02,6.635284661448162535e-02,-6.621516804221484753e-02
-1.122874783900500023e-01,1.707037875934620808e-02,-1.841272089534707820e-02,9.122187472835495414e-02,5.554663464394054423e-02
2.941564542378434857e-02,-3.531640574951629835e-02,1.538698894736794387e-01,1.611136790761454329e-01,8.072098572225541030e-03
1.276116329073217481e-01,1.300841188959511452e-01,-9.744351867398470812e-02,-6.222310740546867225e-02,1.591428006660434991e-01
1.617769806178308289e-02,-4.417203115610639913e-02,-1.319711075109276759e-02,3.893688287488663441e-02,-2.238299842187390851e-02
3.964104981426345986e-02,-6.392781010950443488e-02,-7.193439776303180155e-02,4.896188602595262507e-02,2.963232513795422546e-03
3.382067659646248448e-01,1.404332045360939252e-01,2.402315827853951924e-01,-2.866432873918841051e-01,-1.035020935678421239e-02
1.129139097642187367e-01,1.028624737753725329e-02,6.227338162296237878e-02,7.454760252631524586e-03,8.911505873119826560e-02
3.356908231837935630e-01,1.291955267463587020e-01,1.221385433277249744e-01,-2.859613151161322642e-01,3.335374739750146533e-02
-3.385393913001055743e-02,-4.135121381147179032e-02,1.929090644762685991e-01,1.590180800553284979e-01,-3.500581723124488592e-02
-4.503064327453353693e-02,9.899917378962946879e-02,-3.078418436393509303e-02,2.010449954527787630e-02,-3.544242264915003354e-02
-2.288392741002700723e-02,-6.904690269253012033e-03,1.860604340333232506e-02,-2.166092833759796221e-01,1.310604872452600933e-01
-1.051159926293500496e-01,1.101779038903974439e-03,-8.545260915812138980e-02,-7.633606829496790425e-02,4.831122513208435665e-02
4.045712853894897071e-02,-1.421038861685968401e-02,4.194782513228269283e-02,1.657496175434925445e-01,1.694281403155561971e-01
-6.448970073177906492e-02,-8.853359728065988976e-02,1.301454208737691867e-02,5.472735795140690890e-02,-1.008942442510467746e-01
-1.787925985661464878e-02,-8.265462597528425159e-02,1.428257800851349263e-03,-1.137236241943250931e-01,8.443512836792729792e-02
-9.131358687402763019e-02,2.439468582147343717e-02,3.389713659356939912e-01,1.732904945978108735e-01,1.578212535097291980e-01
-2.700080905770489356e-02,-2.389206163277187572e-02,4.302356917299616362e-02,1.306936394014103497e-01,-5.179935477956936277e-03
-3.696524214513548928e-02,-2.099767020108488785e-02,-1.577333144958192879e-01,-1.153125410952158258e-01,-1.553770627296983606e-02
-7.986909896043639656e-02,-3.856217353001838155e-02,6.184257374482941133e-02,-1.988882109752820870e-02,-1.156714720170886473e-01
-6.613857768072330112e-02,-1.447128932842219884e-01,-1.470551180197098295e-01,8.604706393403839526e-02,1.270328175529061576e-01
-2.022680982696963004e-02,-5.918983300924712809e-02,1.087749158326101022e-02,-1.238867724656980522e-02,-1.970700727106276806e-03
-6.941455418013250944e-02,-3.828229364918794841e-02,-7.728827603622647271e-03,1.456296616346280104e-01,-4.186516597976603499e-02
3.733488220399529961e-02,-1.800457737630788702e-01,-1.891810831927216996e-01,-6.081177968765476283e-02,2.257114977861893190e-03
9.139500177901350997e-02,-9.677616773682660989e-02,7.477035602151414773e-02,3.126058478895572118e-02,-3.164976332878653362e-03
1.518893385169825527e-02,-7.186037420428670330e-02,-7.117892529439931448e-02,2.934171082128444671e-02,2.745993727415147259e-02
5.695176202039509139e-02,5.973976788341727601e-03,-3.982270104482992998e-03,-1.782918701790016727e-02,3.024295192245573388e-03
7.118859362088203468e-01,3.851534032608475711e-01,-2.648401308533674392e-01,-2.357985784856794220e-01,5.077984960418786553e-01
-4.910583241154083123e-02,1.288471622712307647e-02,7.444355268117390512e-02,9.256991639088874013e-02,-9.778618942743214429e-03
-1.073057717786866511e-01,-7.418354176366484531e-02,-3.041394474836102424e-02,7.945132828414977477e-02,-1.247419323334367780e-01
2.238861169823064268e-02,1.889962731541569851e-01,-2.517922082775323617e-02,-3.103039200729399219e-02,1.341484917424147494e-01
1.067369424396260175e-01,-1.701039563650818542e-01,-1.091679422891747575e-02,-9.624964637258509592e-02,-2.362124269192366066e-01
-3.614449604850435149e-02,4.461382067142741215e-02,-7.296132745185331114e-02,-1.028539319317638701e-01,-1.623761221869007149e-02
1.284195487435256799e-01,-7.508897321230458000e-02,-4.263798676815424432e-02,8.169903163506715693e-02,2.589919650295829240e-02
4.141288059677680072e-02,1.226069232132081244e-01,7.993778445553323397e-02,-7.818028750087051282e-02,-3.558572042298836606e-03
-2.607575601634111451e-03,-8.102687555544180187e-02,5.870745618189966014e-02,-7.848282227590580584e-02,-1.429769134835963962e-01
4.679794533512893207e-02,-4.508452420056908300e-02,2.126105724787080015e-02,-4.649340676207328049e-02,-5.104775201939844992e-02
2.731131289854656780e-02,2.670449681406969131e-03,-2.660191997217143875e-02,-2.610173131875251698e-02,2.718398872724973186e-02
7.377995667709637273e-02,-6.272202377976993093e-02,1.330662592025995579e-02,-4.161138781041140607e-03,-6.575874312352365976e-03
1.259885032953869666e-01,1.198505987638606302e-01,1.241720217885475264e-03,-9.584037757182289896e-02,1.485836165016639343e-01
-5.973338335769235591e-02,5.256260021093248080e-02,8.299892473137679416e-02,2.692532998463912502e-02,3.948126877388111189e-02
-6.802688132830827378e-04,1.114469438371540333e-01,2.531932190226689888e-02,-3.392290847350958038e-02,1.590959937808099703e-02
-9.436675132868542482e-02,-1.321012426175758869e-01,-3.098880096866365313e-02,-4.260691815790550174e-02,3.629302357812891344e-03
1.116498007063017744e-01,2.522343815728661509e-01,-1.458925310490380781e-02,-2.101453855793215808e-01,-1.527192701355406870e-02
1.280775253491597127e-03,3.757874580837605727e-02,1.417813291835449095e-02,3.094361821433326901e-02,1.347617194639735144e-02
1.830736694957871558e-01,2.766792133959652400e-01,2.824852755012980943e-01,-1.287265598510403675e-01,3.496745400899075457e-02
-1.072105763149201613e-01,7.267841696260337291e-03,-1.480675601064598279e-01,2.516255305225619660e-02,-1.438538784207003540e-01
-2.416706116126532411e-02,-7.649202683983805096e-02,-1.045507234580159150e-01,1.143170988422304302e-01,-2.399821724036190762e-01
-1.861837814345303904e-02,-9.349470042305921269e-03,2.237339860375869571e-01,-5.979331285144610930e-02,-3.345101744541176259e-02
-4.077264033193093162e-01,-5.185516309655698736e-02,1.429632859128917022e-01,-1.850086579024655120e-01,3.069985286235665800e-02
-1.005720193939224905e-01,1.256242977580826203e-01,-5.534325067367122652e-02,2.514032269200400238e-02,6.748643508351888365e-02
-8.515282945003978254e-02,-8.473026711527284482e-02,1.861911488504683007e-02,2.671505204095512859e-03,-3.170270113118227318e-02
5.506915105919174547e-02,-5.887101901999400137e-03,-7.284182929813977359e-02,-1.185733580761274136e-01,3.629767386579235700e-02
-7.898225853878552971e-02,-9.319682420694398728e-02,-1.479437642700054123e-01,-3.846402916550746565e-02,7.681463502914316621e-02
-3.978931941905457237e-02,-1.365641418227383705e-02,2.696158190626962020e-02,2.364630271176699702e-02,6.978030900255524638e-02
-7.558467162228996866e-03,-1.131105929795511722e-01,-1.399827527088676193e-01,1.427720511047227137e-01,-1.572046415033762079e-01
1.738387610264145386e-02,-4.964393787983178291e-02,-3.504416666836311645e-02,3.838480971653042417e-02,2.835422487772973690e-02
-2.253635217907608984e-02,2.814913117988451230e-01,7.716279055438933498e-02,-3.800023341472332783e-01,2.686894822225354140e-01
2.336655820794440036e-02,-8.021968912566408705e-02,8.995168717094399052e-03,6.167377642761921741e-02,6.598649656804110586e-02
4.761662709406140614e-02,-7.160778443305156060e-03,-4.206871342591925883e-02,-1.395853906103215747e-03,-1.086771299321787898e-01
-4.124057246558014006e-02,1.046705396882697675e-01,1.388085025759793478e-01,-6.842972986708696637e-02,-1.994905262279451919e-01
-7.759491460543749275e-02,-4.493175215722761129e-03,4.871489032872667324e-01,5.097826691444242581e-02,2.446336271854932520e-01
1.902482386335720838e-02,-3.383397736215424528e-02,6.387415908079828453e-02,2.737393541931386065e-01,-1.425030462744017457e-01
-5.615670200964913844e-02,4.186166355528730260e-02,5.251571899783850916e-02,-3.135494671202814637e-02,9.415079650916646781e-02
1.136952267540940614e-01,-1.539425157258890731e-01,1.357306401434890120e-01,1.380593929454142221e-01,-2.001286089601938406e-02
-9.437229111913933086e-03,-5.151542256476019516e-02,-3.119844445681705519e-02,-1.190445732815731926e-02,3.032622949913000784e-02
-7.674881142152735480e-02,1.454089618209674362e-01,-2.924413129488592084e-02,7.459770313040881007e-02,5.778460717324991613e-02
-5.300883282749983827e-02,-3.442181478052537547e-02,2.935537130819573098e-02,2.950373598971253730e-02,-8.761015947809686066e-02
9.773455257568799959e-03,3.737419815471969969e-02,-1.822920684060931051e-01,7.673506466675238114e-02,3.900705373595894643e-02
-1.797192177292337156e-01,-8.882472938698139642e-02,-4.963574071136905852e-02,-5.115315299735712778e-02,2.102895803499714097e-02
9.121571197700421851e-02,1.446718869916606143e-01,1.448138817751620511e-01,-6.753363982826621204e-02,-6.436685407165193551e-02
-2.112196123834341188e-01,1.327661918989631318e-01,-2.982981962458967212e-02,1.650099271399745327e-01,1.203312459845226334e-01
1.908678298396988479e-02,1.879571757364741635e-01,-1.094129693343207366e-01,9.470323705498048111e-04,1.533386267110480872e-01
2.224503239982692782e-01,1.774200439308008109e-02,1.346073912946822160e-01,5.866897283692515397e-02,-1.498088838401571976e-03
2.220243924569251237e-03,-1.166801943380605944e-01,6.041172308365855975e-02,1.967331310559484320e-02,-1.664623846085308001e-01
1.477236562963941957e-01,3.228130308024970002e-02,-2.607147816133215806e-02,-1.486564180936171542e-02,4.003454506262109358e-02
3.383997720600039755e-02,-8.035445633240685670e-02,-4.535258154981960943e-02,-1.563228595201157645e-01,1.035053749746808749e-01
6.159198208813464887e-02,-4.066140900105316702e-02,1.456003217182988418e-02,-2.110361241828472706e-02,3.476031783883928861e-02
-2.799093410098088541e-01,-1.389231340268735626e-01,-2.301697094848998981e-01,1.767181366475458482e-01,3.895252511277333407e-02
-6.508694470970768919e-02,1.322379343435606258e-02,-7.396242749226096536e-02,-1.456570460796157741e-02,9.607616518808378969e-02
9.035041780857501481e-02,-9.178844167261066000e-02,-7.287730852599025311e-02,-6.631168551030594549e-02,3.351091038137667122e-02
-2.974197179698701704e-02,-3.170758572071046867e-03,1.454335698461899952e-02,5.868780112793762355e-02,-2.418856063023010552e-02
8.664325699434968775e-02,-3.563752210440257473e-02,-4.317202878806831144e-03,-7.754093085677565833e-02,4.926406471731021794e-03
7.908232943053576658e-02,-1.798282380999934038e-02,1.060127984275918422e-01,-6.455070823516377565e-02,-5.982100454794111316e-02
-1.646125872407087354e-01,1.563295533201232157e-01,1.979178184241112692e-01,9.264525092829453690e-02,-1.238450202523763977e-01
-2.719519425275673807e-01,-3.279168531581034274e-01,-4.628824377661745759e-02,2.027042827502786304e-01,2.320133662744187086e-01
9.206282657787889789e-02,2.832605675091142139e-01,1.677233328744046625e-01,-1.753585625874535536e-01,9.533608993123264541e-02
1.662659753425036260e-02,-1.328286190461748506e-01,4.726731669169876443e-02,2.237518477284885024e-02,-7.137496473755625126e-02
9.041582552032639830e-02,1.634712266172211603e-01,-1.332608667977909500e-01,-1.824425277276159607e-01,5.553232031148684633e-02
-1.682013132959045421e-02,5.216694334505061689e-03,-5.809408987511696654e-02,-6.140423149148827031e-02,-5.285156118252703344e-02
6.274948817069678220e-02,3.821845209867412441e-03,3.793458824349686676e-02,-2.548500841468559486e-01,-1.101153027158768005e-01
-5.409784064742655108e-02,-9.006409479072674529e-02,4.705815226246767846e-02,1.082442590603727717e-01,4.530180894279178805e-02
-7.754213085659936860e-03,1.111308722472842264e-01,2.444640601488193843e-01,7.471955034788606287e-02,-1.946048527430535302e-01
5.024935082862884428e-02,1.243549483900383557e-01,1.037967798640615780e-01,-8.747582278400417577e-05,-3.496439352424199343e-02
-1.827093570922964927e-02,2.236495750065802673e-02,-9.243983741937368201e-03,4.507964599366968972e-03,-4.232478441043302508e-02
5.905391612748073921e-02,1.005241033202217485e-02,-4.441504986543162725e-02,-1.138135897831162036e-01,6.575069712159975488e-02
-2.135719998548179371e-02,-8.561140563550055649e-02,7.317381540411241336e-02,1.177357173666667214e-02,-7.054585419343864516e-02
-2.493745682617162090e-02,-1.311036907644300420e-01,-1.260693562312278637e-01,1.785883379375739211e-01,1.046559349659291205e-01
1.362862460970815648e-01,1.119161930460968180e-01,-1.717687909428349258e-01,-2.189254250921228162e-01,8.901831229286058522e-02
9.599094623501634727e-02,-2.269740259739777277e-01,-6.122256556981383602e-01,4.500295296876806461e-02,1.581039023059908066e-01
1.327025902750644804e-01,1.192814454503111909e-01,-1.243958545299722052e-01,5.577392618061739055e-02,-1.528047876227501822e-01
4.130659477099071775e-02,1.140863790215778106e-01,5.005890781574857951e-02,-7.470389659120693637e-02,7.708736559871064153e-02
-9.518452842919380985e-02,1.659606722563844172e-01,6.566374217857409712e-02,1.307394551026577756e-01,1.162555098417044075e-01
7.402067875096637883e-02,-2.085503378355137161e-01,1.124626550685089710e-01,3.066483919851830872e-02,-4.857391711797173772e-02
1.046872434468574115e-01,1.006338679375201346e-03,-8.847764594122856097e-03,-7.899438306989932379e-02,1.594762351873683578e-02
1.631566136105605525e-02,2.269023507123043085e-02,-4.951817284247387457e-02,-6.873851458401500358e-02,-1.121357595310585112e-02
2.888671542984568713e-02,9.855288664145681402e-03,1.721593101904125150e-02,2.974397042572236860e-02,-3.334552893128733125e-02
1.366690846668089550e-02,-1.299105758560772650e-01,-4.542646735084366477e-02,-3.617016804632393941e-03,-4.749417252238033113e-03
9.165380399235585618e-02,2.206695891635934992e-01,-8.871410103386356827e-02,-1.091337402856864813e-01,1.918862238044180546e-02
-5.107829916579078450e-02,-6.271345729254600154e-02,7.086869966858512504e-02,3.223053619597009839e-02,1.407898379117438273e-02
-1.198792734464606685e-01,2.087089411311841003e-01,1.708994357236334471e-01,-6.517201076083416478e-01,4.750074521808310135e-01
-2.589595028087958162e-01,2.203588086946992874e-01,1.159355242930133617e-01,1.909072659697246543e-01,2.111095872867917167e-01
-2.143609583033340149e-02,2.408625044804018830e-02,-4.739312301529428895e-02,5.339111148637635390e-02,-7.642679908265215954e-03
7.187120647122979822e-02,4.456817478108537900e-02,4.099848836737525481e-02,-3.871533082730949094e-02,3.078382281064778736e-02
7.938795674539256275e-02,5.020069944231581732e-02,4.618815440626560659e-02,-1.531634427184916727e-02,-2.666807082950219815e-03
-2.580645970360301300e-02,8.055546379132525470e-01,-6.554003174211386895e-02,-2.744221210433609448e-01,-2.578204878942600420e-01
8.780046560615331619e-04,-6.990432670043010555e-02,5.539258197227367453e-02,6.526544119179297776e-02,-5.122086045041029934e-02
-3.732055396113163892e-02,-7.384471867834864478e-02,-4.882544797915400886e-02,-7.621708604895326145e-02,-7.951285370090954707e-02
-2.000911342560194317e-01,-2.407866545602402319e-01,5.685632140462913708e-02,-2.470075611029586699e-02,2.671147781360601603e-01
-3.842018247856109348e-01,1.311364126624467719e-01,4.026632767995012852e-02,-4.190514781031842717e-01,-2.592787604191867934e-01
7.507244895530926915e-03,2.767961716630668381e-02,-8.903993406083246520e-02,-3.858853482537195623e-01,-1.089677447350454603e-01
1.068281191863305057e-01,4.003946589620931834e-02,1.013169402999872411e-02,1.840972831455690573e-01,7.936355692704560871e-02
-1.626620008395265604e-01,-8.049349115348888861e-02,-5.124573590202988888e-02,-8.741415412673964047e-02,1.792099796055368621e-02
-2.195430776645987958e-01,1.746148815546609834e-01,1.648444779231992285e-01,2.291767171958905558e-01,-1.966773219900556924e-01
6.207497343315419164e-02,8.282143558594620703e-03,7.563516771549037843e-02,-1.586078663359311025e-01,-6.349510137933367382e-02
3.012795488497559404e-01,3.214700201245495603e-01,6.408747208647277982e-02,-2.202328944853664261e-01,-2.000095440075351227e-01
-3.103820644447730093e-02,-3.756459672473540512e-01,4.052652037424867015e-01,2.682292161876885794e-01,-2.343699861898070891e-01
-4.036268573681067034e-02,-3.925184113424574905e-02,2.302803545972223753e-01,-8.640273860979980070e-02,-2.922170857648595521e-02
7.756172091854186823e-02,-1.212226711419744918e-01,8.767429282106896371e-02,-2.087249783871894526e-02,-5.438569749400357090e-02
1.161576495352218269e-01,1.849268879743558580e-01,-1.161469754743712779e-01,2.417819244373580756e-01,2.387206204135328136e-01
2.554895883739300572e-02,4.466679641573425008e-01,7.338381344963219866e-02,1.868758097633841375e-01,1.875976389305566427e-01
-3.032306269632683432e-02,-2.461663236104432995e-01,-1.392835100841834928e-01,4.635008839409027886e-02,1.787883648437909034e-01
-2.520221958842474574e-01,-3.992538014310611505e-01,-1.077031315910605275e-01,8.893146960677686397e-02,-2.385780973746191580e-01
2.430717343268715483e-02,2.980508603532470158e-01,-1.804812704815250968e-01,2.179643306221291099e-01,2.656019212136357943e-01
1.425608698634954208e-01,8.573167130690109716e-02,-9.214456226820216811e-02,-1.695217943701232133e-01,1.459705896533343705e-01
5.428709855313556404e-03,1.243804515995804161e-01,1.001333774915694891e-01,-5.408553191013954625e-02,4.502574824255218405e-03
1.018032805355549575e-01,2.536155886260053061e-01,-1.500723857237790393e-01,-1.628266226450069409e-01,7.166938173924441990e-02
3.628102477738910647e-02,3.465882422959454950e-02,-3.905496817934318854e-02,8.819280488496374082e-02,-9.715940110783831060e-03
2.657229343549986217e-02,1.097324129848837974e-02,8.511516354123080386e-02,-6.854635756835246452e-02,-6.115889734682171397e-02
-2.534329458122795004e-02,1.201816090975959123e-01,9.160402623578950410e-02,4.420506860230356133e-02,2.684601411861008147e-02
-1.468489388127305062e-01,-1.294148935513171617e-01,1.005443537134553533e-01,1.361895911153132299e-01,3.757112706425250886e-02
-1.759794461096482899e-04,-3.190286755364642873e-02,-3.969604108658487257e-02,-1.508655341090809829e-02,1.766194263389430849e-02
-5.627217982525044293e-02,4.133245412048724976e-02,-1.899154391368882908e-02,3.521406687389711920e-03,-4.224075598532332082e-02
5.599254114741269994e-02,9.219413473288201252e-03,2.519533157053392008e-02,-4.926985041597612552e-02,2.587277012015689465e-02
-6.318606761697202756e-02,1.983500863000323827e-02,4.702630523434103704e-02,3.479979577915520358e-03,-8.561593522608294815e-02
4.782346818300629854e-02,-3.160941347507264382e-02,-8.469337090064621432e-02,-9.219960643791039190e-02,4.621895524329180938e-02
-9.075847701539027645e-02,-7.690026661726453994e-02,-8.105728834901394092e-03,1.408197770721580921e-01,1.576659021278697947e-01
1.639023991207831099e-01,1.400091710136701639e-01,6.670784260849575986e-01,8.138625186269848877e-02,5.230377782772683837e-01
-4.429428639412015534e-03,1.329947946222758970e-01,-4.700233062772237597e-02,-7.093010278517471179e-02,1.164155078507417285e-02
4.392421505631215195e-02,-1.534104728722393216e-02,-7.364931639024642485e-02,-5.511018075085151458e-02,-2.144092527905667317e-02
-1.646431345534091553e-02,-7.390986472252668305e-02,3.218991749193841900e-02,7.056908950194450136e-02,-5.945088313374072980e-02
-5.571060074839120219e-02,1.113570301194980600e-01,-4.048572814069823639e-02,-2.267153741381704168e-02,-6.671695688739067570e-03
-3.162921131656845630e-02,-1.492818226279455512e-02,5.047130121199751990e-03,5.933084921836591363e-02,-8.468267765020622007e-02
3.056985072129625447e-02,9.412431607011087498e-02,-1.070214879073644043e-01,-5.988730702361223790e-02,-2.696336165279055591e-02
2.276189006209848875e-01,-5.958745213056906159e-02,-8.216880976997489178e-03,-9.542826342295279707e-02,-3.707874715672182520e-02
4.703600317246754703e-02,2.107270520543486902e-01,-1.288277592913290581e-01,-1.079721269120032384e-01,-1.038029257942055944e-01
3.334321167863784074e-01,3.679210641726204933e-02,-1.736414864207982273e-02,-4.289745532556695634e-02,8.052409251294728731e-02
5.715622300804406447e-02,-1.982031766053834188e-01,1.190115846553129950e-02,-1.249476402251193941e-01,-9.307865296905484809e-02
3.107989421342374423e-03,4.517269654154508485e-02,-5.184794996340993251e-02,-7.020121518387891467e-03,-3.117757188722265066e-02
9.046680331039644307e-02,-1.100952019146238525e-01,3.897936411363234210e-02,-1.028631985590093001e-01,3.643225932517279303e-02
2.746789241987462882e-01,-7.538927253108920756e-02,9.651741982509084647e-03,-5.046778970636696393e-02,2.634184346158650880e-02
-1.450680964143519561e-02,2.307114874850943118e-02,-4.404712823516053824e-03,-1.739122277652152895e-02,-7.242218056945050157e-03
-2.149777816356373064e-02,3.024212956411370667e-02,-6.685438596165743652e-02,-1.279347210354006004e-01,-4.274772715068141105e-02
-3.745886906469029776e-01,-3.026217321835257268e-01,1.938803211629046841e-01,9.214006187248524604e-02,-2.988942545098238757e-01
1.589440406168719233e-01,-2.067643605431399544e-04,-8.769543699694665184e-02,-4.884532577742070614e-02,2.998441881477187376e-01
-1.271762177499815433e-02,-6.969657900298173447e-03,1.890781163300817580e-01,1.635374656049717601e-01,6.817536474562189974e-02
4.105857930671349965e-02,4.464194480722313840e-02,4.074714448627384661e-02,-2.425954970058978588e-02,7.798136940682469376e-02
5.719801565470051911e-03,1.705827138646746621e-01,7.615773184459070921e-02,5.149263670105074658e-02,-9.684158111229339283e-02
1.396309411601753814e-01,1.735019190210916884e-01,-9.024659329173403965e-02,-1.351036552825279902e-01,1.749822647230176720e-01
-1.980601238836982025e-01,-5.287946624387770966e-02,2.384856980878131971e-02,1.193937409395602750e-01,1.826056167869259672e-01
-6.836853702102121955e-02,-1.707075070848358134e-01,4.920034725765947553e-03,1.564968908288186522e-01,-1.819046188108804918e-01
-1.406133616050097603e-04,-9.330657983503969077e-02,2.435395941372692219e-02,9.789800400669758373e-02,1.621496702665928963e-02
6.909834740358133942e-02,7.769884830129508702e-02,5.494064788872621286e-02,2.348725650844450674e-02,3.530936524866144788e-02
-1.383177937709187955e-01,-9.550491292224859430e-02,-1.040809592655410343e-01,4.195293319898417417e-02,5.161403429791305147e-02
-3.132875652289818236e-02,-5.812183163370369943e-02,-8.655334239840925536e-03,-7.083713233109816335e-03,-5.063631231048143500e-02
-3.573793808764208491e-02,-6.835546154194167834e-02,-7.587694692309525368e-02,2.595680869589739315e-02,-2.075194031587336285e-01
9.473916150690689375e-02,7.123357434849324210e-02,-8.406478092610755737e-02,-2.120055116991697297e-01,-3.488626559145047851e-03
8.709087215405536542e-02,1.386436096236933792e-02,2.005029196038782824e-01,2.294561644687047319e-01,-6.111291796274488652e-03
1.178923187858250121e-01,-6.662548070127427557e-02,1.031932819603948240e-03,-1.137254458514117550e-01,-2.164350502370347151e-01
-3.615677323355698802e-01,-7.967803646345220092e-02,-1.820872965911270458e-01,9.768115143431257974e-02,1.050489041303961368e-01
-1.811916705623051183e-01,1.069350758662547113e-01,8.674196938511653798e-02,-2.509674690931493549e-02,-1.597942053997051387e-02
-2.893586472909942184e-03,1.274541573345147893e-01,4.558809510822402905e-02,1.536252441331280305e-01,6.475166899878986859e-02
-2.197952755237300992e-01,-1.577815470159976696e-01,1.183746751348518922e-01,-1.241986165121326986e-02,1.827905464330886742e-01
1.009780507492587798e-01,1.623447687182665855e-01,1.642875859462530549e-02,9.035483228038013181e-02,6.245567150120646255e-02
4.803937800286959409e-02,-1.353729077717739093e-01,-2.201409506972981309e-02,-1.002971107666550676e-01,3.923737872092689094e-02
2.914269108075426273e-02,-7.663780670066337730e-03,-1.336070121078763717e-01,1.095898941192037929e-01,8.712391619782526575e-02
6.354162667353903393e-02,8.176697330845504597e-02,1.251235759545258341e-01,-4.251604779119928269e-03,1.701988834272821077e-02
2.029359341821929813e-03,-5.227647246569149669e-02,-2.437073482894972290e-02,1.514603002520209518e-01,1.321894187740580984e-01
2.665377776490099673e-02,-2.593874544472722643e-02,2.430458722256977067e-02,-1.166659943449869195e-02,-1.125063370583360700e-01
1.041098951375899438e-02,2.820108982479557769e-01,5.716732622740602551e-03,2.436968657046238024e-02,-3.390986985812047792e-03
-7.489162776148472478e-03,-3.151142419753342194e-01,2.037054523140584272e-01,5.112584148350543534e-03,-2.530644436589389312e-01
3.782209837514347028e-02,1.420474439433693122e-02,7.523932313418976725e-02,7.932965062744878892e-02,-1.682019369116205185e-02
-1.268997277164037873e-01,5.815161652522703173e-02,-3.622126169042595017e-02,3.832835047049912292e-02,-6.485294339165446897e-02
-6.251194317896707070e-03,-5.892415644436956035e-02,2.593036598521817129e-03,-1.385681247614994616e-01,-4.580250436551694393e-02
1.529644289744360591e-02,1.715150718034171018e-02,1.465701451165607808e-02,1.607747176400619871e-01,1.966410392528881307e-02
4.825075966387421325e-03,-3.935450074582620000e-02,3.593363745747803900e-02,-1.257407975193438054e-01,9.362566281643211474e-03
9.349702878650273385e-02,-9.370617913898017515e-02,-2.454205532600212403e-01,-4.475399994399625880e-02,8.585029947199843137e-02
-3.224250463886460527e-02,1.852891543049152434e-01,2.642724548609621804e-01,2.038939323583657814e-01,-1.535435578400394796e-01
2.736386324323998587e-02,-5.987972147037477072e-04,9.330803548584973295e-02,1.290351731059233842e-01,-1.721376665703502201e-02
1.426690284457328983e-01,1.931059793829101312e-02,1.798114797315941357e-02,-9.449142967757026557e-02,1.887970337768135609e-03
-1.079586791809823698e-02,1.191928281801416141e-02,1.383313207435122039e-01,-1.499560626237997352e-02,-1.211780653487743060e-02
-2.638995907593561820e-03,1.248161583412068926e-01,-2.082043470834086391e-02,-1.167718965192856770e-02,4.618571092648478260e-02
-1.699891540908085932e-02,1.132341045104565264e-01,1.313076506784476571e-01,4.474153483640515988e-02,8.595998919257315241e-02
-1.531299481835758369e-01,2.209529135820978429e-02,1.550350238814530712e-01,-3.565908611145459095e-01,3.955913025090172092e-02
-6.674455308338669846e-02,3.011713974327169183e-02,2.428693467941748715e-02,5.857709894780353116e-02,-7.014403846673997189e-02
1.692679974678056726e-02,1.310409336063917962e-01,-1.300556051647367220e-02,-1.559145551019342629e-02,-1.023330949102706500e-01
-7.704707854634280928e-02,-7.059019846968092593e-02,-1.790381767678436153e-01,1.955932368850266806e-02,2.038530252571773005e-01
-4.230268586564908673e-02,9.066951569369758115e-03,-1.121241377761139357e-01,-1.000923933246377212e-01,3.386313853365946654e-03
-8.764564370944934180e-02,4.518689101266047392e-01,3.901018759366640110e-01,-2.279385917567292030e-02,3.167422792954356359e-01
-8.081303526759953115e-03,7.381823682632264461e-02,-8.323911729787310254e-02,-7.280120661811142514e-03,2.070738775254848119e-01
-3.190535616331982016e-01,2.595368517725772373e-01,-2.889589678064093947e-01,6.947411338553380333e-02,2.607245280306966229e-01
1.676352634695999280e-02,1.418145052687383167e-01,2.313945186767366741e-02,7.431801798352177801e-02,3.409037215425365225e-02
-1.792848874601860321e-01,7.491812490561680637e-02,5.888215937733528443e-02,8.535609536028915256e-02,2.257490368679788972e-03
5.330077671414026191e-02,-9.651187525567046788e-02,1.099005045025837624e-01,-8.202637035871362947e-02,4.497590841430230274e-02
3.323472033912053952e-02,-8.329437207713115410e-02,8.851783168664241475e-02,-1.053562252238975962e-02,-1.109221686602810536e-01
-1.142673580197718086e-01,2.231632020728017973e-01,1.821213083527635224e-01,2.290002772857059055e-01,9.898338967765857310e-02
4.748706713746241037e-02,5.808729078617759500e-02,9.366506704581839537e-02,-2.867200157493992110e-02,-8.612325044181333433e-02
3.206812282533763048e-01,1.361299466697385718e-01,-1.423347469386515921e-02,8.024963557904096767e-02,1.298114868360591978e-02
-3.263020787314832583e-02,-3.566971387713777086e-02,9.900759778236716685e-03,1.181292270749813300e-01,1.216978621985992381e-01
9.144151039996849251e-02,1.180322981347264599e-01,-3.420887377233135934e-02,-4.196014250481694408e-02,-5.113432165537236396e-02
3.640787890014281908e-02,-1.072246389227009822e-01,7.587919881046190085e-02,7.159478355898982183e-02,1.367704189946651883e-01
-3.140011544861018994e-02,2.174988571921317518e-02,1.710903812475575436e-02,7.254738259341814675e-03,-2.899590735032159944e-02
3.718983849974948908e-01,-1.978734255826474497e-01,-1.181130603247279032e-01,-3.405845075108077796e-02,5.721189065701236948e-02
5.778029121645966715e-02,1.425732699653782347e-02,-6.200170968972665980e-02,-1.036732655973020972e-01,6.912087654180922025e-04
1.386300067327245755e-01,8.213931443737723659e-02,4.904677541378039962e-02,-1.073186176679125775e-01,-2.339293200093792505e-02
-7.858799157009040137e-02,3.258428765440970487e-01,8.200674986685075468e-03,-2.085281852335269248e-01,-2.662943716920417314e-01
1.501263140668667069e-02,5.288053474492637046e-02,6.039351444246407116e-03,2.699897862549389613e-02,-4.330571104499292973e-02
-1.286076802587022283e-01,-5.708977162157896634e-02,4.551360804632508250e-01,4.415803404802377541e-01,3.302197670964368004e-01
4.746299149015513474e-02,5.785319008953037495e-02,-2.820984945601400645e-02,-1.061024248083119043e-01,-6.685773451306324666e-02
-1.418526176551108131e-01,-3.484266893529179288e-01,-4.484572472005421417e-02,1.974251789582380234e-01,1.134306102929604765e-01
2.454356826059976848e-01,9.985114321922750058e-02,1.104110147721969887e-01,3.007478618080217103e-01,3.964319860105086635e-02
-3.049064400670331021e-01,-2.439458866793078884e-01,-7.795243571661203408e-02,4.348790161030109958e-01,3.573602458904762136e-01
6.642133757712920250e-02,-4.810549992288170457e-02,2.150332867192639996e-01,1.229261462621566436e-01,1.472990630576474086e-02
1.390662630202017802e-02,1.664312961220995590e-01,1.560010995122780575e-02,1.926922838063286902e-01,-3.716144518737918290e-02
-6.800193182214425702e-02,1.513615938429505314e-01,1.039261210490107362e-01,-1.072469684916318722e-01,2.882636243025185618e-01
3.066387658656737764e-02,3.138222546902307702e-02,-8.974925062228919503e-02,-1.517201963871397247e-02,-1.551984504119480190e-02
1.585018540958122446e-01,2.177079369751258597e-01,1.085425400842169041e-01,-1.381258637028766889e-01,-1.142836148411497110e-01
-7.612346182640018430e-03,1.454366940777538642e-01,3.690547016202478520e-02,6.217122843474245930e-02,-2.028210003344806805e-02
-8.687020319756574849e-02,5.649105784410492215e-02,-1.543859017600311863e-02,-4.394038440119524963e-02,1.141945923943475799e-01
-1.601274499223263315e-01,-1.227168162496076187e-01,-8.234003387050638223e-03,-1.493965633412898120e-01,-1.013421422724524734e-01
-9.162615546074090456e-02,-3.471272327152606918e-01,1.452259118474746591e-01,1.299361264342728806e-01,8.476315775732887192e-02
-1.126812768095181716e-01,1.701117933903345536e-03,-1.615712413605074893e-02,-1.496022358780472739e-01,-1.104883577727529265e-01
-5.804947278948598133e-02,-5.797543767090054811e-02,-2.854288599890675848e-01,-1.830261704534138778e-01,9.860492178555116394e-02
2.646981680939921797e-02,-2.594881841793555410e-01,-1.448489938855107573e-01,-1.267266390570275514e-01,-3.713615446227512551e-02
1.045721773630504947e-01,1.614326209292526459e-01,2.364232650168050787e-02,-2.040831417472371567e-01,8.306939842847506361e-02
4.298103011062641421e-02,5.479080812763315045e-02,-6.997195150388572926e-02,-1.493047099337919958e-01,-1.180407688563881591e-02
7.031299804836990686e-02,-5.071344824656677346e-03,1.797646804887785901e-02,6.838894528994304833e-02,2.264193564245532697e-02
1.289542566328858234e-02,-1.510856560293749873e-01,5.786142481774188273e-02,4.495183105707543925e-02,3.248908408750682958e-02
2.209918855658875303e-02,2.203917144440184842e-02,3.137037558428175388e-02,6.920872786607897009e-02,4.543167808943335967e-02
-6.424016013789145274e-02,-1.314788193355648782e-01,-1.249248867188721135e-01,-9.291886164898031930e-02,-5.269840193281217361e-02
2.683570825236141211e-01,2.406832870919528578e-03,4.256226939812890464e-02,-1.700673908853677641e-01,-1.799694278548040760e-01
-3.354051052851309001e-02,5.491820142245830427e-02,-5.800161809615948100e-02,-2.916327552174859117e-02,3.584889408610581613e-02
1.087478526223662756e-01,1.119274251992642133e-01,1.960879579247338383e-02,-5.227503358387314281e-02,6.799673808994516344e-02
2.021311501433460112e-01,7.743095101077440701e-02,2.190763796332050595e-01,-2.729401078064168373e-02,6.779793413528664714e-02
7.108240293274809864e-03,-3.019544377001537327e-02,-5.890098431250350569e-02,-1.113782255637154467e-01,2.785880324055359063e-03
-7.809379845704389478e-02,7.474029504826670833e-02,8.662582175991147271e-02,3.288778690187064702e-01,-6.903288930780031307e-02
-4.856026845048856677e-02,1.716972745145048038e-02,-2.512070535769850288e-02,-1.862009540380995740e-02,-1.538212654775145405e-01
-1.991908549723178101e-01,-1.270238341328452647e-01,-1.824908005232660779e-01,-2.054844077586250040e-02,-1.250058803261922674e-02
1.730140983847746061e-01,7.437568766793507813e-02,4.638327662538095641e-02,1.175686766290179319e-03,-2.075807587132699750e-02
3.384061770766751409e-01,1.378881461972384925e-01,-8.065563355113102018e-02,-1.481078582730279147e-01,1.941808906959534009e-01
-7.148390660541444064e-02,-5.177114422465246835e-03,-1.394074761914880500e-03,5.960623293142497392e-02,-1.618697600243626522e-01
3.636168391633881614e-02,-5.862214249255148779e-02,1.217637807104451353e-01,-7.625252286971083426e-02,5.286124857183366332e-02
-7.361598741154139203e-02,-6.003762872788540039e-02,5.667189472576916742e-02,6.576272313691328142e-02,-8.497409616331917659e-02
-1.699947255117997824e-01,-2.305889819813078390e-01,1.737859815349533099e-01,-1.873787827863745148e-01,8.208887669432685108e-02
4.671414219011987834e-02,2.318018169633445646e-01,-8.120923722351954671e-03,-1.796447200453863691e-01,5.051397009900268631e-02
8.849626121117661059e-02,1.025615807734007318e-01,3.742306390269996286e-02,-5.694913508423272291e-02,6.322373232281556024e-03
-7.047495268835166082e-02,9.717239367830202146e-02,-6.515188260329785042e-02,-6.636745513906031763e-03,-1.413027335909074478e-01
3.415166688919765714e-01,-4.617371996864391148e-01,-6.306930021411985554e-02,1.025330926060383230e-01,-8.406520569531727993e-02
1.041552645870609806e-01,-4.644030306353149479e-02,-6.655301829915631628e-02,3.153638239965765866e-01,5.927118857913331318e-02
-1.266262501608790558e-01,-2.494239530213639838e-02,1.903805854973640299e-01,2.424479264968358305e-01,-2.978805008977324364e-01
-1.432914470639500282e-01,-5.699298160925449913e-02,-8.524654070684712856e-03,1.867454649800329436e-01,-7.122992400075592312e-02
-1.782096288390509764e-02,2.964592948859687271e-04,5.859769193015823552e-02,2.172971239461429782e-01,1.348363040268816537e-01
-1.234064677076091576e-01,-2.278558683588306072e-02,7.532169259532798047e-03,8.412551796851786695e-03,-2.419406934608209908e-02
3.284892308531694449e-01,-1.351100375411823651e-01,1.400490607802174770e-01,2.911068520330940823e-02,-6.575800101150532095e-03
-1.906192059032631864e-02,-2.583270896234850580e-03,1.900464373896903168e-03,-3.373380563428853007e-02,-1.728192810007901647e-01
2.987891297032395019e-02,1.000926051106621195e-01,-7.537996844014072106e-02,-3.950768101984699632e-01,2.033536712557845183e-01
-9.270863306447292562e-02,1.141391840771406596e-01,2.476013245861926476e-02,-2.181583252165652728e-02,-1.534687441588684642e-01
-2.103871084142510013e-03,-4.397403831450646255e-02,-4.240610648990262264e-03,1.008501120043819033e-01,-5.624380171996605504e-02
1.269464076361310756e-01,-4.992849871267135420e-02,-1.245988671992235980e-01,-1.754488109966477749e-01,1.303681887607774370e-01
-5.234334733841283088e-03,-3.255613756492397454e-03,4.917795956136754298e-02,-4.045980325583791067e-04,-1.808149822741661472e-01
-1.861468773328873311e-02,3.529963226622750971e-02,1.258804139293301927e-01,-1.307468766482185185e-02,2.743338153870835683e-01
3.516545422652324858e-03,1.375621853790460689e-02,1.278723456867195130e-01,5.415362892844625270e-02,-5.795152645332828784e-02
-2.965714887773467923e-01,-6.081959259502305315e-01,-5.637364039571185481e-01,-8.001142467322662488e-02,4.141475209056610929e-02
3.907931003121037361e-01,6.670177280124249541e-02,-2.689659720333689719e-01,-2.232928764103748187e-01,1.222444428051288057e-01
-7.030106006666674012e-02,-1.217018897404454209e-01,-3.511309206657388035e-03,3.325904120615176540e-02,-9.518677360178545710e-02
1.749630827433804325e-01,-2.247075329282635300e-03,-1.614051339949823249e-01,-4.400254345481638407e-01,-3.947109378311498828e-02
-1.427272045805061951e-01,4.433411260606241744e-02,-9.724038380620436683e-02,-5.578256532970469334e-02,3.862594197729322942e-02
-2.331800740290972673e-01,-1.462644282027346643e-01,3.965629601484976091e-02,-2.356840667716978421e-01,1.248337453533283903e-02
-5.169748639483452701e-02,-9.454389782523996144e-02,2.285986083461272467e-01,2.816530594967037171e-02,3.004720311767915958e-02
-1.442997498889746905e-02,4.468792813727050228e-02,-5.681310004428393595e-03,-4.559771011684210680e-03,-9.652108394465544472e-02
9.406024212737923440e-02,3.472248409654424273e-02,-3.002537578332001647e-04,-3.095852961270249490e-02,8.101907047954365337e-02
2.966429605362026767e-02,-1.624961643772429923e-02,-1.742421731838790511e-02,3.327273457422984249e-02,7.311965044092763599e-02
4.616065108864371436e-02,-8.779440201288249424e-02,2.795464162145998022e-01,7.461112258677554676e-02,-3.026379577537458010e-01
1.688642202078079538e-02,2.708288516675422600e-02,1.651953851517936472e-02,-2.346856104425996958e-03,1.181503410580749258e-01
2.408298455012743838e-02,5.576930215873042440e-02,2.029675845149215424e-02,5.483991061410389140e-02,6.502673908830167160e-02
5.997497330633282109e-02,-5.768102159984384719e-02,-2.132480569029410536e-02,-9.256276633002011311e-02,-5.855444881085588443e-02
4.289361065197178080e-02,-2.677999539052821482e-02,3.084094540445629917e-01,-1.748406789100485914e-01,-1.064343884924663780e-01
-8.072251355672294126e-02,-7.348705252714295144e-02,-3.668239333493738402e-02,-7.169088026981976225e-02,-1.187335783738254491e-01
1.052855823919212480e-01,8.113582240212263708e-02,1.214263874809191207e-01,1.607536788030458075e-01,1.052931568523105682e-01
-1.453174342419707166e-01,3.947378069693310843e-02,2.901380062365899737e-01,2.867254116086049853e-01,6.399150868926280905e-03
-5.176890734144814349e-02,9.959846629799731788e-02,8.189295937345561494e-02,-9.374161051276294621e-03,-1.325565160456844416e-01
1.542011418312602689e-01,-4.209924218157637954e-01,-2.098802779823077391e-01,-3.217181299150487228e-01,1.354805493243850800e-01
3.448579126737481848e-02,-1.205163097295001290e-01,5.471935074601640830e-02,5.915961808391752806e-03,3.730772147577663539e-02
1.518829547788392853e-01,-7.002413980025032347e-02,1.550104739736882509e-01,-1.686677144325764988e-01,-2.345371023196307636e-01
-2.618904514071849349e-03,2.890763412356755005e-02,2.356361783541109645e-02,-1.638901964226027047e-02,-9.467728073037727510e-02
1.139880247141459024e-01,6.164911614606558704e-02,6.457791247677309443e-02,-2.825178310790548708e-01,-1.871993894869608543e-01
-3.443660049122880540e-02,1.673387718417991251e-03,1.208286673192081502e-02,5.460532054492017728e-02,1.556127663023266876e-02
1.667283767697871552e-02,-9.215557619757461238e-02,-1.752676960755035207e-01,1.068690503291155718e-02,1.258306541092126807e-01
-5.340804664964457493e-02,-5.674552282003778036e-02,9.983139851060585102e-03,-3.870241230683582438e-03,8.343835696463103302e-03
3.218821133218314340e-02,1.551544071446332440e-01,4.582463196951844231e-02,8.517000659530905848e-02,1.566113620992949929e-01
4.164849941764589558e-02,4.257498693380977195e-01,8.541696417272412467e-02,-4.418386428391757881e-01,-1.558160290205367615e-01
-8.785017595578099858e-02,-6.675478730724715426e-02,-4.605384190729513993e-02,8.290532931989058607e-02,-4.364875580081016559e-02
-6.630552238496956186e-02,3.214884049897236140e-02,2.728623767440313888e-03,7.200080234339456542e-02,1.394261773012262506e-01
-1.015847101815184617e-01,-1.689199706120227962e-01,-1.258873863149338225e-02,-2.653981647796241905e-01,-2.556858285426195226e-02
-2.603453973213809558e-02,9.858244935704427170e-02,2.064204289577561968e-01,1.518641739118693212e-01,-4.536524022088832264e-02
1.483655810367702776e-01,1.106053313057354937e-01,-1.860523728715199679e-02,4.756758485570806300e-02,2.309581881247210755e-02
-9.589063968545656624e-02,1.602047828965569576e-01,3.989941710685807608e-01,2.603763287689663253e-01,-6.565412345644983105e-02
-8.054258467109179365e-02,2.037165376751143286e-01,8.858853076316937358e-02,2.455412171272562671e-02,3.138612872894413486e-01
8.037775252944807935e-03,-1.545996056558228970e-01,4.627035202391765328e-02,-9.126446047309449972e-02,1.125658584161366021e-02
2.997428428230329567e-02,1.820230242732654991e-01,4.423731156662652486e-02,-1.538225166511343611e-02,5.917342311216183121e-02
-5.137396215817768841e-03,-3.992353444897971462e-03,-6.701742886774863725e-04,-7.347724989245199567e-03,-3.552489944533804983e-02
8.479281230999824448e-02,1.091373217147020569e-01,1.695128719526489691e-02,-5.285551405046115536e-02,-4.846904988843803858e-02
-1.602331692596548280e-03,2.774780051169239287e-02,-1.231278325633825693e-02,-8.717305077308375172e-02,3.024407373470667376e-02
-6.743570988526409460e-02,-4.710183121521989424e-02,-1.019376265407214016e-01,1.300794420232463146e-02,-2.818853649917638787e-02
-4.556695215719925446e-02,-1.156490059754353844e-01,-5.935445579468640043e-02,1.709654409060019919e-01,-6.422041126001722111e-02
-1.439166483993369050e-02,-9.136110531901805998e-02,8.265309162704237433e-02,7.741060465972823823e-02,-2.615564301417715454e-01
2.504174804595097129e-02,9.235547413990326596e-03,-4.710737971981238115e-02,-5.373274648782938590e-02,3.575949892037991878e-02
-8.557589084677556801e-02,8.233125078550246334e-02,1.378457222368885959e-01,-3.579143628850192660e-02,-1.448682910824531378e-01
2.799795555077243259e-02,-5.995497090881322932e-02,-6.137627173257444169e-02,-6.685313261442704658e-02,3.389861644956496112e-02
-1.426530563573744255e-02,3.345825069347892894e-02,-1.755822132309679123e-02,-5.917413481893837868e-02,-1.180005635880797613e-02
1.087259531399659279e-01,8.407681442751203937e-02,-5.637839066602432503e-01,6.696318156714295422e-02,1.381301043917396165e-01
6.646164486166818153e-02,-1.206325870609078199e-01,-2.887948526701667948e-02,8.412097364073886641e-02,-1.057406366699403799e-01
1.986997489281380758e-01,3.843134784247103086e-01,3.237877920767054385e-02,3.067054286504060090e-01,4.149611362240869239e-01
-4.990987691701944534e-02,-3.081792700259663453e-01,5.179791805111203656e-02,1.188304732712102685e-01,1.610650281566523012e-01
-7.444836352381055400e-02,-6.669186133636162417e-02,5.020169957249472764e-02,1.436736366914179858e-02,-3.796599129090862113e-02
2.572060326142660003e-01,5.466753146167067923e-02,1.498547760245107774e-01,-1.617322983777282411e-02,-4.021828513628666196e-02
2.321208834298324475e-01,2.236752896914572797e-01,3.008003472265235578e-03,-9.653288461218181848e-02,-8.827500997566059548e-02
1.442973654368848169e-01,1.692363659113258478e-01,-2.527459025021303596e-01,1.180541262044932649e-01,1.235212297935397302e-01
-8.750123109093746465e-03,8.669141608072615524e-02,-2.994749951649046393e-02,5.488258482344744726e-02,1.057992799965857822e-01
-8.338003202942227687e-02,1.832594536007514097e-01,1.592223216410391107e-01,-7.937865646196426775e-03,-1.082105653092230307e-01
-5.431841619519888614e-02,-4.400422949542162968e-03,-2.382593404774825674e-02,4.499105587866795292e-02,-1.029910818822297042e-01
5.430612802282005352e-02,6.015216766492594014e-02,1.117778491863592460e-01,7.201219051511752178e-02,-2.307266007103950939e-02
1.243594774874333952e-01,5.751711362892442114e-02,-9.762298623162921074e-02,-1.446046185922522480e-02,4.817466072071251854e-02
2.977282760957754987e-02,3.839389212110860816e-02,1.391266771136417946e-02,6.557169674487908773e-02,1.767544243751169308e-01
-8.557227390326346481e-03,1.955128182573953599e-01,-3.884148557557466630e-02,-2.759551683482540027e-02,-8.021047719042502522e-02
2.141127152466178185e-03,-4.431677837607667092e-02,4.174260844246197727e-02,-9.999292588852361219e-02,-2.831628481770803729e-01
-7.543197798761552830e-02,1.236576706421418925e-01,5.097261814663214818e-02,4.759630994275352439e-02,9.228949349366750987e-02
9.049571463047283160e-02,4.722280469177975865e-02,-1.155963994030599976e-02,2.607531720947603437e-01,2.492775180242628175e-01
1.521168982493719193e-02,-4.444214178623438760e-02,-8.927681845722736098e-02,-9.043692304040104601e-02,3.778042494620995756e-02
7.104157255903162382e-02,-1.687064471993959813e-02,-1.497145983798412738e-01,-2.333504853727855904e-04,3.367512126872526101e-01
-4.918107160507451808e-02,4.825846981045655432e-02,-4.476158031013054844e-02,3.090180499175853440e-02,3.404072124607621097e-02
-7.452590891012500496e-02,-3.217741176990972229e-02,-6.892937161708741212e-02,7.528094514374403246e-02,1.041152870067214298e-01
-2.747270960614730043e-02,1.583138690379300856e-02,-5.604432325012118250e-03,2.440340717028630091e-03,-4.707243234222038136e-02
6.776997050937294542e-02,1.025658151522143430e-01,-1.701420141178919265e-02,-8.458372605524924759e-02,6.327536429931941708e-02
-6.493092652798557185e-02,8.669283801877095130e-02,2.168268984960062401e-03,5.994795706597884355e-02,-1.968663286580969451e-01
-3.182284445812814944e-02,1.342116726447989683e-01,3.679524624090095841e-01,3.316758468287338002e-01,-3.115796313261697675e-02
-7.657676202436025648e-02,1.442884121292528632e-02,1.681822408032824789e-01,8.829362099588719537e-02,1.212499247494141924e-01
-1.021609446152114686e-01,6.206272870032297773e-02,-2.068827717557699536e-02,7.028435697846038832e-02,-1.007323027568494955e-02
-1.720896802151300475e-02,1.402335030075729516e-01,1.055143282287344941e-01,-7.960241300917707263e-02,1.282668032326923779e-02
3.634137990667118956e-02,-8.382642550329176545e-02,4.546861347487709398e-02,9.114542085639163946e-03,7.845682782437253533e-03
3.158501782601597641e-01,-4.641719027372228079e-01,-1.040087407001115405e-01,3.410454055517592176e-01,-1.219721672134458645e-01
-1.275308100527100807e-01,8.274863389700845562e-02,4.737846535081446236e-02,-2.011713869838031854e-01,8.516659306250246031e-02
2.663472009318490485e-02,2.877341052734663229e-01,3.380464602461568102e-01,1.085802401939662404e-01,-5.691673091382049021e-03
-5.330812192082814982e-02,-2.240092495798180761e-01,1.316395294063581745e-01,1.606246042535479646e-01,-3.930184222341944617e-02
-1.740446803762140116e-01,1.972043147991265344e-01,-2.174291217539237042e-02,8.079432594807486878e-02,4.591620238237723028e-01
2.452371388506550398e-01,2.858982637496223500e-01,4.191127379217334248e-01,4.902259165647306349e-01,5.464316315895604292e-01
-1.618302475024190334e-01,1.840435950670577664e-02,-5.877467056110425442e-02,1.400113504211571158e-02,3.728734113548973217e-02
9.474755224423234840e-03,4.841433418695552382e-02,2.283409881637325778e-02,1.007598599256317590e-01,2.793085983274722350e-01
6.654610797636249797e-02,5.912396729075470869e-01,1.319148178279234418e-01,-2.269788509385006481e-01,5.601119684220979417e-02
-2.800942173738304314e-02,-1.235461747629556378e-01,1.356321062032156410e-01,-6.018888282191013628e-02,-7.135974895335520096e-02
1.912785789211146267e-02,-1.903748221478231417e-01,5.905730522393146109e-02,-3.158012674339357589e-02,-1.330909620202715415e-01
8.097754382045935229e-02,2.370826104875212725e-01,1.644699460461861440e-01,1.485104309917756327e-01,-1.219119637471064721e-01
3.692268863623848069e-02,4.798190639146445585e-02,8.965011817841005148e-02,5.435595380390478154e-02,-2.354636214701569252e-03
1.733885107726260144e-02,6.868735330866071465e-04,7.130875799498498369e-02,-6.878917467465364699e-02,3.731069187790116148e-02
-1.445379643465439373e-02,4.496455501008824601e-02,-5.040431287374397967e-02,-1.411949877534387776e-01,-1.026933031183673434e-01
1.792229582643566077e-02,-6.187752427890245294e-02,-1.056927029939273011e-01,2.143518392126818883e-01,-1.230175604988071880e-01
4.431558373094856423e-02,3.629212719577001867e-02,-3.166465701481134543e-02,-4.598273989922645189e-02,1.800629665804376334e-02
1.675518936052892288e-03,8.536232011330503744e-03,-1.744718940636043672e-02,8.001367692126393205e-02,8.372849922331576655e-02
-8.059511476471445390e-02,-8.089056249014903166e-04,5.298881249948224070e-01,-2.363014691995764527e-01,6.197314142165544215e-01
5.416396794082377342e-02,-1.502151433692897400e-02,-3.854746352246817692e-02,1.366846812187856031e-01,-6.580378830578906268e-02
-6.075654632330811100e-02,-2.879143874462808741e-02,1.772461503052777110e-01,-1.197996965854077056e-03,-8.361590293717775790e-02
2.798462592852944339e-02,-3.243091977489159228e-01,5.101276870395549980e-04,3.807914994806878284e-02,-3.194101137566433823e-02
1.000013683760716532e-01,-3.068665763440899669e-02,-1.136836572451494359e-01,-1.273615418816289278e-02,2.197605553532696321e-01
5.836116803124443558e-02,2.240794028319979467e-02,-7.281152885274067010e-02,2.029462907323338616e-02,1.201372652541159158e-02
-2.017771622703524725e-01,-3.003683183266444012e-01,9.736399112153289181e-02,2.651855976357853639e-01,-1.974875491594560162e-01
4.214528503687558492e-01,9.669096483021681621e-02,3.593056293640006782e-02,-2.612717927580064936e-01,-2.315832740347823632e-02
-1.046700479878435591e-01,-1.818735945458794037e-02,-3.009481965310767046e-02,5.201628511689099232e-02,-1.277400218747793414e-01
6.379268960642392461e-02,-1.116586895757649099e-02,2.581058276496400045e-02,-2.199804861709525605e-02,-1.030912330885552369e-01
2.379954075892933840e-01,2.620735788901287222e-01,2.973445756241850368e-01,-4.690956264588121982e-01,-2.164910864871144314e-01
1.126501565548043010e-01,3.870442170732255049e-02,1.045341869011714719e-01,6.992652369805810175e-02,6.880862642046972621e-04
8.938375040634510826e-02,3.625021246382391649e-01,4.131966372601084680e-01,1.943583079590489593e-01,-1.879504451244418672e-01
-8.427532729012346402e-02,2.987242112728361598e-01,9.171071822668649953e-02,-1.427525105193261090e-01,-6.673625986884047789e-02
1.114053558585190173e-02,-9.797878402395864342e-03,1.003808751837558834e-02,-4.610647068329994103e-02,1.413363717032106726e-02
-5.329696222482767365e-02,-1.900496117827462084e-01,-2.750934420052372764e-01,1.898381975148581424e-01,6.850853385717091404e-02
-1.168555515507227194e-01,1.303217954859347272e-01,2.346385295812458138e-01,3.982712002696080222e-02,-1.719406400088766551e-01
2.395340260960633072e-01,2.351413586132292399e-01,-2.712693152170023159e-01,-1.896320028440666161e-01,7.143773054776141052e-02
2.297969390328998829e-01,-5.734528083452566233e-02,2.437668088419058660e-02,-8.657246954786831927e-02,5.612074041624433296e-02
1.871550134360996237e-02,-3.486749632920312786e-02,1.903992232008042823e-02,2.402428618152337332e-03,-4.737175184636110287e-02
-2.074197114417690446e-02,-1.593335128352858787e-02,-3.225955348176559045e-01,-2.501338629447846795e-01,2.778255028190341203e-01
2.141532568175175122e-03,-1.182944416238683599e-01,9.731929742041799114e-02,7.590395745495065460e-02,-2.933009863344925305e-01
-1.250018124891182775e-03,4.679372296980783413e-02,1.252345546174168378e-01,-3.449048328362382121e-02,4.529117814132607722e-02
-4.977344240186811625e-02,-5.138816928189934158e-02,-1.677356298063109596e-01,8.358615438692398175e-04,1.643052800633102439e-01
1.406639405356213332e-02,3.890012999242219854e-02,6.915203462220102792e-02,1.106644691789000212e-01,1.080411104982959974e-01
-7.697669669994354480e-02,-4.468588996809554348e-01,-2.252712533392718930e-01,1.501736259784497152e-01,1.152956401030535982e-01
5.125310369279113473e-05,-1.381537027596392575e-01,-1.199760763975418754e-01,-7.267778792270015997e-02,-1.000837024324073392e-02
-6.109558330486682121e-02,1.136523611927339472e-01,2.018351623469888390e-01,-1.614291888326946922e-01,-1.034574496455231141e-01
3.064672005164592594e-02,1.612878264403800818e-03,-3.717272754487582851e-03,6.656802003068855444e-02,-2.744726872554888175e-02
5.466853797150240599e-04,1.283999091628365563e-05,-5.612056717707009784e-02,-1.348814603873461221e-02,-4.537266179760110485e-02
2.000099607897657100e-03,7.383199993938818761e-02,-7.579492667505849379e-02,-1.209412304318666087e-01,1.468284407250293640e-02
-1.083995218288893447e-01,-6.453489579904851670e-02,1.058454077823605122e-01,2.969242356218861414e-02,-7.119646511039655346e-02
-4.869389502554856419e-02,7.325419368412004750e-02,-3.652836335060012651e-02,3.060279651773768761e-02,-2.405260462191527449e-03
1.062642781336048253e-01,4.636650709210055066e-02,3.312540347422801568e-02,1.221589145005206323e-01,7.719225148705266548e-03
7.435138763225272729e-02,-4.080007987873625341e-02,-5.244827779465389278e-02,1.348344514329213317e-01,-7.867478227317770134e-02
-1.042627113095278002e-01,-1.955621586016052238e-01,1.394511459218401306e-01,9.903941497381103798e-02,8.380219040155316435e-02
-1.268592700420185237e-01,-5.931186594591780076e-02,-1.377983872360623863e-01,-1.552691081444075305e-01,3.779716772141540893e-01
2.689547220528350213e-02,1.158117265017952618e-01,5.486567463088843494e-02,-7.776189376123233965e-02,-3.206554047374436667e-02
5.589867798849350311e-02,6.594401070874304424e-03,-2.600940730057579864e-03,-1.754489276375232609e-01,-8.854182754401504485e-02
-9.069648760039921223e-03,7.172458558007025614e-03,3.494801638817104233e-02,2.095392611660609195e-01,7.572747989002928670e-02
-5.621223665246480317e-02,1.196186736352481197e-02,-7.670590993128355295e-02,-1.122950026536499724e-01,-1.283565897657284183e-01
-8.436133533318737610e-02,6.096240038810063488e-02,2.428993567070682896e-02,1.397922921029849316e-02,5.391271237140810718e-02
-7.106448568997514315e-02,-5.052485732795020112e-02,-1.180775196918968338e-02,1.587996744414159889e-01,-1.853481025877320165e-01
1.428353741065451488e-01,-6.645882545226522442e-02,-1.050896960644576994e-01,-3.417994716014515627e-03,-3.240561974700147119e-02
-7.036661459572826627e-02,3.871166903654854607e-02,1.029120668868737688e-02,-2.482238077480004943e-03,-5.400056742402322557e-02
-8.535313664398180844e-02,-1.105781726209975890e-01,-2.944665875101394950e-02,2.112280209686728805e-02,-1.183778738122839708e-01
4.532501226733667843e-02,3.308646553460808937e-02,1.028645665185218966e-02,-4.805425466794237266e-02,8.896904546765160848e-02
-9.907387806295273047e-02,-1.591149661522782977e-01,2.607659936289914715e-02,6.490638043755685149e-02,-1.482740428732773896e-01
-1.052801660243807835e-01,2.723664127160307230e-02,-6.488147983765618632e-02,-1.497631884211593767e-01,-8.738196455495576831e-02
7.319508814239239144e-03,1.406809822276114674e-01,2.689189414852397736e-02,-4.841451980948800748e-02,-7.720252578572454893e-02
-1.690172611584495610e-01,8.990320034891617629e-02,1.672095539300335332e-01,-1.962775576959880364e-01,2.662654173538413216e-02
9.795309934455060513e-03,-1.102381740971818125e-03,1.095885921012079989e-01,1.654639727972038454e-01,4.405836177029152922e-02
6.161829984126770271e-02,2.267745787637817645e-01,-9.975362532599982984e-04,-4.123483991148682581e-02,7.356030361098157833e-02
1.347107453400088750e-01,8.023432413168436750e-02,-3.831421775828568882e-02,-1.034397097491038114e-01,-4.038835266657982148e-02
-1.239715761508144304e-01,1.188903692070301769e-02,5.332188494070103091e-02,1.033417902887092676e-01,-7.128555337082159715e-02
1.214034132488304163e-01,-4.327027171029051988e-01,1.612121913213716284e-01,4.207542543523311307e-02,-4.855642420919405455e-01
1.196872346309885149e-01,-1.218283057780242540e-01,6.502371428014061538e-02,4.462103019420734368e-02,1.061680970731040258e-01
-5.848696739014404289e-02,-1.006331897164379485e-01,2.366299486421161516e-02,1.835408385494721462e-01,3.853251581264830611e-02
-1.008131953089751870e-01,3.050094052962329383e-02,-2.946512778502208274e-02,6.913129482185337293e-02,-7.093260596026269849e-02
5.448764074025669313e-03,-8.945556614203054036e-02,3.724682868530743152e-02,6.073495168712144537e-02,-6.486379219075191771e-02
1.419190542933646548e-01,-9.420904570441014647e-02,3.898575782992042688e-02,-5.109774796217854409e-02,2.852683150691258038e-02
-1.234426756817556953e-01,-3.527367954293126884e-01,-3.855403528965103410e-01,2.104526166458074443e-01,8.826053759322877168e-02
-4.373434084985551584e-02,-1.787958721714194010e-01,-1.029775102691882771e-01,-3.999083965792079448e-02,4.497103672410850128e-02
-1.061402820530731733e-01,-6.611931446903999976e-02,2.697777132238318373e-02,2.201048974234040209e-02,-1.150839455523210847e-01
-7.099112477077683392e-02,4.178058965193393731e-02,-1.155539734005801705e-01,-2.775078160929181012e-02,6.454520656204976170e-02
-1.113565568367076292e-01,-2.051161758209398694e-02,-1.895917490384164961e-02,-1.189415174253785901e-01,-1.589655312092667916e-01
-1.506755625018872946e-01,2.135001046383352141e-01,-1.763990095234386768e-01,-1.889159646684119287e-01,3.677115278785342278e-02
-6.894005595165217382e-03,2.251502306364527306e-01,-5.398911024769062483e-02,-2.263080858794386807e-01,-2.026487698267285809e-01
-2.609874480767382030e-02,7.709393964934813104e-02,-6.041209862527319868e-02,-2.480833480843893171e-02,-2.364783690653633405e-02
-5.911889813880234074e-02,-4.320919378381730958e-02,-8.969683275901986497e-02,8.114078204804844874e-02,4.393132067231422799e-03
-5.311756841461562351e-02,-9.771704280702217527e-02,-5.603253069852009993e-02,2.723892841095857525e-02,-6.327006091220754858e-02
1.463674804237675292e-02,-5.158457671787346904e-02,-5.492265056123853476e-03,1.179969448251690783e-02,3.438818804969195897e-02
1.659212007411946521e-01,1.426313972511738526e-01,8.299955377156312264e-02,-8.527896402836752932e-02,1.600585883957492961e-01
1.192309239740832645e-02,-2.298786655414456759e-01,-1.081366335709194326e-01,4.227757153202320317e-02,2.321997494854293603e-02
-3.643502312056898923e-02,-8.274192788122133879e-02,-1.706064071383796288e-02,4.411813661510714801e-02,-1.256276884591954190e-01
-7.853240114310802711e-02,8.208857195896072934e-02,-3.933834492111170089e-01,5.134390385887795810e-02,1.965546050855315752e-01
-2.602761929752493708e-02,1.532528905575644695e-01,-5.066268042292076251e-02,2.039811411688104703e-01,1.015621289149221118e-01
-4.334310504220584975e-02,-6.471644143690438375e-03,9.233605085309225247e-02,1.181900170831092986e-02,-1.223116642000786486e-01
1.120282926283685532e-01,-9.433996363890628789e-02,1.331500650005470188e-01,2.227844526887713672e-01,-5.578003542999464964e-02
1.978261574718618021e-01,8.549600903781189032e-02,-1.644430949307630063e-01,-2.498257351484001465e-01,5.993365904840131098e-02
-9.313931038270276130e-02,7.274313732220330508e-02,-7.881186512726601201e-02,3.434737379301781857e-02,1.699389452178530491e-01
-2.569131951430694838e-02,1.499291402423890418e-01,-2.247031810379526151e-01,5.934692206708359896e-02,8.411900621019018087e-02
-2.562945254657314834e-04,-8.308061399351163168e-02,-1.578202363153901333e-01,5.703284594491692117e-02,-1.718637671396149591e-01
6.016847829422410088e-02,-1.013293353817490139e-01,-9.582169741385575951e-03,-2.930409006390109761e-02,-1.509437279485705552e-01
8.777572636585134758e-02,-5.864865554490807098e-02,1.021827779953605186e-01,-9.816166050384776687e-02,-9.426570415067683784e-02
-2.589214778860532973e-01,-1.896261721870219630e-03,-2.612998181815339716e-01,-1.806813169951124731e-01,1.306218457817434064e-01
6.951887341880141902e-02,6.277887820069122382e-02,2.364924257298931520e-01,-5.772957426029481226e-02,1.908837495721735222e-01
-9.480489291922686301e-02,-6.398347417944806603e-02,-7.059765909614477974e-02,-7.360521793943453073e-02,7.901451681966126239e-02
-7.453057828473960700e-02,2.215592313414518344e-01,-6.646573633014542931e-03,-2.978946284425083579e-01,-2.546480202222101141e-02
1.229289968429820301e-01,-7.052845393454684753e-02,1.198816261702990577e-01,3.404473593826373018e-02,9.131727763218065730e-02
-2.961737834422344950e-01,-8.344648382448735524e-02,4.093701437664130915e-02,-1.869725313155168878e-01,-1.693142116855571866e-01
2.758745469394281377e-02,-1.305147649331039883e-01,8.417762500713951712e-02,-1.222244217009811340e-01,4.616682479379564941e-02
-4.812584049971481426e-02,1.101986077031942707e-01,-6.566476969583475050e-03,-9.077846596722730782e-03,5.817471234819147213e-02
-2.262831666563628885e-01,-4.476490540177863187e-01,-1.181771392667024662e-01,5.577626807309415957e-02,2.639569900530408519e-02
-2.559462541959969806e-02,2.844263605053645727e-01,-2.820833776434279738e-02,1.189184242383341666e-01,1.800272657263599085e-01
1.570772003417142404e-01,2.128938244434537830e-01,9.537592971141017548e-04,-2.109944222570424854e-01,1.858914018853144168e-01
4.352124719860172020e-01,-5.997986217412069887e-02,2.589247512365599468e-01,4.568829351023341312e-01,8.860160773676699353e-02
4.581232505199074601e-02,-1.561226499084842345e-01,3.787067657420089412e-02,-5.495627746912445932e-02,-1.100728070481690468e-01
3.266377154185688692e-02,-3.622607340972630596e-02,-4.422038138779872674e-02,8.441790698833313497e-04,-3.785858046377547220e-02
-1.394883350972830893e-01,-1.086545251897320374e-01,1.351075003925738816e-01,3.422034283061146098e-01,-2.752254543654129026e-01
1.181246894428755606e-01,4.926302183523394995e-01,-1.262092084080762566e-03,-3.052404141259611459e-01,5.891926745460094317e-01
9.046148606087479893e-02,2.960448397116950403e-01,-3.152646484260254733e-02,-1.166706941892150934e-01,7.926949931147392325e-02
-2.963426517888074763e-01,2.207292325517395404e-01,-1.676645129955728342e-01,-2.586093829329467741e-01,-1.229006660778974025e-01
-6.253079203439737555e-02,1.014757313663051507e-03,-2.151217097898634051e-02,9.557406070936996789e-02,1.443822246636247003e-02
-1.420223293566778844e-01,-9.945081158728218129e-02,1.217966032266550591e-01,-6.891465290137134547e-02,-1.966454996480271611e-01
-3.094077858031318504e-02,4.152366465150648250e-02,-4.046244324251610514e-02,6.172882017810686628e-02,-2.276061046135452459e-02
2.400214794565405999e-02,3.681744936895487569e-02,1.032689979621487578e-02,2.012361960111203052e-02,-4.507150756157463772e-02
-3.580122779265306615e-03,-1.045294486018869123e-01,5.214776524265673369e-03,3.901171210181782895e-02,-5.623257283548932506e-02
-7.356118858942171934e-02,7.875141519296381676e-02,-6.069461857947364147e-02,-1.186027161353724914e-02,-2.309945314367933128e-02
1.814476470568862285e-02,1.061318629447801504e-03,3.190386606818867293e-02,2.100923466444620802e-02,2.607064970060573444e-02
-4.571032482835177269e-03,5.274230340923995175e-02,8.582022650642308348e-02,1.646137022811558492e-01,-1.697828245302714090e-01
-1.096973824440913570e-01,-1.145778345775916723e-01,-8.523826646430826548e-02,-2.607674804957654802e-01,-5.106332599785595727e-01
1.456913730956151398e-01,4.418103049726843645e-01,3.756022446799386905e-04,-2.113923818673177357e-01,-8.662021741425657284e-02
-4.107090545542095572e-02,9.893843777353986124e-02,6.356806757694957732e-02,-1.862127007722460814e-01,-2.046033730516830240e-01
7.209623665387264457e-02,1.314131097899513823e-02,-1.370744587585684682e-01,-7.522370006081727234e-02,1.050755664115257532e-01
-3.166870212842309157e-02,7.333152526716420205e-02,-3.813542781481713689e-02,-1.536396525218300946e-01,-1.156157061142924075e-02
5.894204119715862333e-02,5.445740872310415176e-02,-1.947990696816085873e-02,-1.145111620624791882e-02,8.815442801609035817e-02
-4.196232806702794582e-02,-3.356102468659034888e-02,5.024996533109708785e-02,6.172627828479093637e-02,2.319924257645548937e-02
2.092895303037881419e-02,6.468624981469722757e-02,-1.177206221739776348e-01,-6.257896207438781722e-02,1.268744027987713241e-01
-7.410282568388878305e-03,5.778626694933140101e-02,-2.436847001869702281e-02,-3.367637219721114628e-02,6.638385297707369292e-02
3.138188335668408435e-02,-5.958858407180203653e-03,-6.583878394388953392e-02,1.008918136510842528e-01,1.076443058692817395e-01
-2.315195651664720897e-02,-1.109312797259544014e-01,-4.460637857048765920e-02,-5.376144447937742515e-02,1.149356629086970005e-01
1.800634112757776295e-01,1.437729732403454641e-01,-2.217588921185820183e-01,-2.520338816919691707e-02,1.596271322452687269e-01
-1.599940959484285885e-01,5.259059558661101363e-02,-1.585715761273802718e-02,2.158048210651752896e-01,7.931944337045654381e-02
-1.395182688142699856e-01,-1.107798617579445200e-01,-4.318180111854513087e-03,1.385261342155579556e-01,-1.346730476782322938e-01
-6.439910075357856145e-02,1.711534584310747675e-01,9.191228741115883838e-02,-3.673064166811591813e-02,-1.805047946566812334e-01
-2.751092350077263479e-02,1.389616946394614527e-01,-1.921493893052656290e-02,-1.776981958969629238e-01,1.542273515083125539e-02
1.435013873118760191e-02,-3.066103397885345042e-02,5.810885378554668523e-03,-1.053215190141062671e-02,-4.536531777774405194e-02
4.101802775395011098e-03,9.748037400378680058e-04,-8.881168331334013399e-02,-2.298387461680335628e-02,8.917642088095072833e-03
-2.916840729746579264e-01,-1.629006989481780465e-01,-3.769970217469046370e-01,-3.637001019411503222e-01,8.192242622800190166e-02
1.614195529738582380e-02,2.441501625184384905e-01,8.935130296779723869e-02,1.082853292857248045e-01,1.702502099041758310e-01
2.144962351147600144e-01,-1.680429044735533839e-01,4.894512007379521190e-01,3.649109197985527797e-01,9.707491748181421021e-02
5.503598649735045450e-02,2.798700016307496471e-02,-2.801188208882481392e-02,1.047468871231880955e-01,-4.931478019360879123e-02
-1.056217544343673598e-01,-5.891726917629133697e-02,2.601069019967184870e-01,3.583299185859395442e-01,2.211704666647765216e-02
-9.281731533122425382e-02,1.268457592112901683e-02,1.303419622036731118e-01,-8.178305704374466689e-02,-9.237493310693939419e-02
-1.111804725481767807e-02,2.727228400017324139e-01,-7.825649478545862459e-02,1.048869492022601671e-02,8.311159872971467244e-02
-4.389566237034514540e-03,-2.542511075738517201e-01,1.680867753761048355e-01,2.598182190747146958e-01,-2.826219754703201970e-01
3.914292453535105076e-03,-1.589015251997016043e-01,-1.899438970261767626e-02,3.374580921368168229e-01,2.991244012340672498e-01
7.623134695919445147e-02,2.806966675685015344e-01,3.255488927266987353e-01,5.304054682043726765e-02,2.548801009258704342e-01
-1.511146310514571711e-01,1.047262305724160902e-01,-1.478189411355433358e-01,-2.434766722412139983e-01,-1.559476217493069028e-01
4.908363197082692142e-02,-6.717430247037868840e-01,-1.245922265495822412e-01,4.313765923376798872e-01,-4.553469453654415133e-01
1.427834358345221044e-01,-3.395605786781452085e-01,-2.341727785220610869e-01,3.067452369535169088e-01,-4.090596892276508745e-02
2.528603066978458713e-01,3.680566184288328654e-03,-5.442582782259210161e-02,-3.071066237352673353e-02,1.516009689430738994e-01
1.258313300776199295e-01,-2.123491418388610483e-02,1.883295619359669215e-01,7.718076034224252702e-03,-5.241757018820777242e-02
4.044456344103590506e-02,-5.454414863419950604e-02,8.185915448186867338e-02,1.713934797052727582e-02,2.122383704824373774e-02
3.179333181580317608e-02,-6.719168252481944048e-02,-1.379884483545086860e-01,-1.791361169184807756e-01,-2.139971529332650862e-02
1.071125158576633971e-02,-9.415901135480489459e-02,1.142512026452821849e-01,5.189756886320614354e-02,-1.545168809701788770e-01
9.507343515078060803e-02,-1.281939284186661421e-01,-5.045996426261138007e-02,-6.191846923089034532e-02,-6.905867104096455322e-02
-9.696953839951021059e-02,1.904615371204528840e-01,-1.760565950697862980e-01,-4.781939901637383139e-01,-1.236604044062994678e-01
-1.805598761292531440e-01,-8.642692838468916949e-02,2.240632520668487705e-04,1.109697120372932361e-01,-1.567068470497114813e-03
8.764690361495741655e-02,-4.458111380620784214e-02,-3.019558240808094957e-02,7.162137108697058663e-02,1.208861262145722870e-01
1.395082732514031643e-01,9.854263018340601865e-02,3.921137892993518254e-02,1.083697868815227811e-01,3.830940821903486282e-02
-1.715583791459666940e-01,1.356520744318680527e-01,-1.284129932700612819e-01,-2.186876627705132692e-01,1.808689230226300793e-01
-4.833465898951300882e-02,2.120969086559078287e-01,-2.284655255736162474e-02,-9.005664947328995140e-02,-8.158428465277355393e-03
3.110701893822433867e-02,1.694473649279095925e-02,2.751588664035091100e-02,4.106307379503570075e-04,2.302330528647751617e-02
-4.456665397735280754e-02,1.107148262602725419e-01,-2.888807446118728944e-02,5.117809359514526729e-02,-5.172516686890364646e-02
-7.897207399504106717e-03,3.256206997311181933e-02,2.922322715025215539e-02,9.262603142815946031e-03,3.886209016144163281e-02
2.281904987883285121e-03,-7.487935578483129184e-02,-2.357464645277331516e-01,-1.357072741353857748e-01,1.267160207964720953e-01
-2.765532869782897363e-01,9.750147063883829457e-03,-2.114636544219094805e-01,-3.503642114520061357e-03,2.043880383951595381e-01
-8.584393629311029561e-02,-1.285653101736370513e-02,-6.208546688386438681e-03,-6.934507880895446341e-02,-1.312376341271883073e-01
-1.985595819690565145e-03,1.282685547502191992e-01,-1.012897540636809590e-01,-1.480530098389293558e-01,-3.106532751894621261e-02
1.949367699725716163e-01,-4.724762363370813012e-03,1.227594097276395457e-01,1.756210020742657030e-01,-2.118132661730889876e-02
2.187823339336484041e-01,-2.236275277938845618e-02,4.779599771619184173e-03,-1.419697159543710230e-01,-2.166716326064811737e-02
1.126372315832620957e-01,1.363694256011156736e-01,4.754086504310662403e-02,-2.568606100214747279e-03,1.622050179545887760e-01
-5.435315145664642439e-02,6.654124620099298448e-02,-4.108574494165145169e-02,-3.698111048546489504e-02,-3.362844527113000026e-02
1.776797693396330036e-02,9.421005168087216719e-02,-3.194336600770864010e-01,3.868065037329554423e-01,6.789395425842408016e-02
-5.133086713375549504e-02,-1.119493252595220867e-01,3.738159382407880288e-02,9.120303739051591196e-02,-1.985337708232893239e-01
9.793485037467321991e-03,8.750401446201612476e-02,8.685083044345708048e-02,1.058755496098923721e-01,-2.836769912883238196e-02
-1.549626885583290647e-01,-8.813214999518523274e-03,-1.095111376623413707e-02,8.500882228565355414e-02,-1.614863082635178970e-01
9.797397272725172357e-02,6.172466329333638896e-02,-2.587680121774845743e-01,6.875679640638010515e-02,-9.914560584146268896e-03
2.424793993187717711e-01,-1.924555287189306796e-01,-5.674348949759149274e-01,-7.427808672202002027e-02,3.286385297086515944e-01
2.942352184359246087e-02,1.262815093696982860e-01,4.251673393356067421e-02,-7.695405760459298611e-03,-1.950893651071946566e-01
-7.088875549471701509e-02,-4.937831842213302735e-02,-3.274434030707377152e-01,-2.887998908794670028e-01,4.708629761385763612e-01
7.781771375792738421e-02,-1.110020516732219617e-02,-1.339314814215476768e-01,-8.013221746869109152e-03,2.525005901619574167e-01
-3.647699433718713802e-02,5.098513258994859243e-02,6.050009609933856836e-02,6.193652957070579224e-02,5.886418137840349410e-03
-8.663882244664995735e-02,2.072073419189723181e-02,-2.881932659234966165e-02,-8.321906889589775203e-02,-8.978739895103615698e-02
5.929673035351978178e-03,-1.172113276622229888e-01,-3.730188152592676942e-03,7.814885456142775522e-02,1.168553882120328818e-01
1.146541957245215820e-01,4.711725492127603887e-02,1.429281240027193561e-03,2.866317664067893345e-01,3.005168714179303202e-01
7.613927328600279820e-02,1.477929949082551764e-01,-1.549391948127019081e-01,-1.877643575396467923e-01,9.081319174877246214e-02
3.925554425427459776e-02,-1.254435057347868809e-01,2.549395648243409362e-01,-4.776554197079647263e-02,-1.399598686602287687e-02
-1.375142819688773485e-02,-3.481776669876781444e-02,2.374297687533250337e-02,-4.999582970932024695e-03,1.814198314917279120e-01
-9.717164745672386694e-02,2.162416354177822686e-01,-5.223184042543786709e-03,-1.214784670322891502e-01,-1.860903512291805506e-01
-3.870177660390533569e-02,2.611356243430447699e-01,8.456839165785344503e-02,-5.037046374880851246e-02,-1.433686498637413986e-01
-1.865207855063239772e-01,-1.010696564789355205e-02,-5.786141444897208858e-02,6.195169368809254340e-02,-1.346823210409903993e-01
-6.078293307997183897e-02,2.249876333421003613e-02,-3.593109633314205131e-02,3.708924507721844677e-02,-1.183445063560625982e-01
-2.743269766214043170e-01,-2.122206923968981696e-01,1.269055605533787323e-01,2.097575036650478619e-01,-9.278849971704340727e-02
-7.026584178372585754e-02,-3.233609723878105857e-02,-1.451332679780491242e-01,1.388786938930770300e-02,3.850618690188017945e-02
-4.888748758636639324e-02,1.864503306578369629e-02,2.847416595017503160e-02,-4.777723019390870546e-02,-1.728458696819832885e-01
-2.928858850561354144e-02,-4.359992331780429553e-02,-2.472595539410524790e-01,-3.102309450841727045e-01,2.347047780103487247e-01
4.652448515459206568e-03,-3.434242369472535056e-02,-1.307048597570941439e-01,-3.839074822036764312e-02,-1.430147116832982124e-01
6.546172994241949983e-02,1.951357972231377441e-02,1.508019761803567650e-02,-6.210405556015979878e-02,2.055129814477181169e-02
-1.995171894660631717e-01,-1.880918941873241379e-01,-1.166511198527617546e-02,1.509398967579431428e-01,-6.395063573028927917e-02
-2.056016644907856239e-01,7.118371494114964504e-01,3.564093929370303893e-01,1.952504588956947840e-01,3.803076444259019251e-01
-2.436009188172475262e-02,4.028735631971130937e-02,-2.872113514603834988e-02,5.908272393939158901e-02,-4.221369783083989830e-02
-5.088492361502940098e-02,-1.477743479413665961e-01,1.210885321960497932e-02,9.814586434604320730e-02,-9.624998464375027207e-02
-2.969211056302332313e-02,2.436623320032947279e-02,2.095404863255706171e-02,7.216021557338515857e-02,-6.339126044752282224e-03
4.248220618227187967e-02,4.241272310692333070e-02,-1.236115544348151546e-01,-5.134033160172793431e-02,7.301097136554510203e-02
-1.179253835650572423e-02,-2.681357461349181404e-01,5.029974090212205318e-03,-5.929194855872049752e-02,1.438155528770413034e-02
1.135536700512247837e-01,5.954983831832934282e-02,4.470525763734489733e-02,-3.698692587479478905e-02,3.089963633152605083e-02
-3.526160443761198332e-02,1.292375506693354270e-01,6.669742838369339955e-02,1.599038039708411685e-01,6.752048419715710181e-02
5.361666779527278492e-02,-7.335076604846273163e-02,4.705750491943448688e-02,-1.009618025578778305e-02,-5.116991257374918500e-02
1.260380324637459248e-01,1.188676787388895650e-01,-1.132167100449340130e-01,-9.800945379465564322e-02,1.715958358495517644e-01
5.321655160725851513e-02,1.239512403017613146e-01,1.109977067935288275e-01,-4.929441054416525136e-02,-2.457117325194461618e-03
5.143835454472301533e-02,-3.310135767987237160e-02,8.347568948323758065e-02,5.726504041271303531e-03,-3.500736126323038266e-02
-4.349887920185459972e-02,7.234342192433099172e-02,-1.622095978536721231e-02,-4.116453308715121995e-02,-6.023240343669143682e-02
