4.337020177914570951e+00
3.421750318546036951e+00
1.649329045996224652e+00
3.354352861210677439e+00
3.489300863208710357e+00
3.746317983575603083e+00
3.004126111181699255e+00
3.571499762867831773e+00
3.332341564494062602e+00
3.131186916731070191e+00
3.910617502137840873e+00
4.440811218659256099e+00
3.763909853783998116e+00
3.509841264327885568e+00
3.142577088004527397e+00
3.097761901453100375e+00
3.599090404509229124e+00
3.382211327875575435e+00
2.834758587711700528e+00
3.455513144209712006e+00
3.112077922640445582e+00
2.096542044232815094e+00
3.108989192452457306e+00
3.307633145033112232e+00
4.465126796150498123e+00
3.277489238386139370e+00
3.539502260224809405e+00
2.693527227873214080e+00
3.673885929937943828e+00
4.353438910245948534e+00
3.878605300083493912e+00
3.765156063409635046e+00
3.677608910053786317e+00
3.258417617156843527e+00
4.105417985198697828e+00
2.448959246897452147e+00
4.072458749344578521e+00
3.278362600040178432e+00
3.723401607554346349e+00
3.901097979535179228e+00
3.012065716381771452e+00
3.769450334522646440e+00
4.803089277922908629e+00
3.530160993550794046e+00
3.943678178218808839e+00
4.092826598178992192e+00
2.775622299473216703e+00
3.838056994650778098e+00
3.702958981289146578e+00
2.441856142862833590e+00
3.732125458344394797e+00
4.205896508970364600e+00
4.986231668990854793e+00
2.856233377427379594e+00
2.512967278217765443e+00
3.900660564873223102e+00
3.370521512468417580e+00
3.971425328360528084e+00
4.089250967381646618e+00
3.604087264424808534e+00
3.516106390378544333e+00
3.839411346931733693e+00
3.249434519964620183e+00
3.506928886339521600e+00
3.464840796462094197e+00
3.778015344477276827e+00
3.424705680540432340e+00
3.070606476507854676e+00
4.234065766248014562e+00
3.795675904229264930e+00
3.659932434422590308e+00
3.622690857880780158e+00
3.535085585697224531e+00
3.862543014326202062e+00
2.867477458980882687e+00
2.627197044849858276e+00
3.611168604717520658e+00
3.012438494491227914e+00
3.996649856346786045e+00
4.071875198747130220e+00
2.708358058469442664e+00
3.374383861402506568e+00
2.872389113866019361e+00
3.626325451532729005e+00
3.624590607779406781e+00
3.617666465962206424e+00
3.654143843747173381e+00
3.642056293527890620e+00
2.980075698632979275e+00
4.002470658755031607e+00
3.220714064056505510e+00
3.850569526608699444e+00
4.425767551012198986e+00
3.124629646233940683e+00
3.899080471390094171e+00
3.710732094736362008e+00
4.261221158251742303e+00
3.672547683258683193e+00
4.164617057449503612e+00
3.652252601524351494e+00
3.630228310500202671e+00
3.447352728710208147e+00
3.636720703888987938e+00
3.445928809978590746e+00
3.780430463161116528e+00
4.195702218323416055e+00
4.035618629154794412e+00
3.938970058510920413e+00
3.271796475758195211e+00
3.288411932760270773e+00
3.215215996983412872e+00
3.247311013027110338e+00
3.573369071765455374e+00
2.903446976930085910e+00
3.800760459425642779e+00
3.154725571085306601e+00
3.420336474160020845e+00
3.511301351131803195e+00
4.002806068100723813e+00
3.532408620951072553e+00
3.296248707519233268e+00
4.236883545728295175e+00
3.509776912265062609e+00
3.607424972332062385e+00
3.607426073139983647e+00
3.262119859487706997e+00
2.903880439811770131e+00
3.963520300909051830e+00
3.623541889936439997e+00
3.594994888908619401e+00
2.884446139485564498e+00
2.791550991923565928e+00
2.830838485630094770e+00
3.722443842028317462e+00
3.664320839416621567e+00
3.560207833657434762e+00
3.496631012912274628e+00
3.211856894575474186e+00
1.947918858170443412e+00
3.421384195686002272e+00
3.204887619553207223e+00
3.762678674702829351e+00
3.315101453966180056e+00
3.334603739062484085e+00
3.339861220089465288e+00
3.245624957843741498e+00
3.259903711688440175e+00
3.332552417135994816e+00
2.850823884993340940e+00
3.679816314312015724e+00
3.964539032312900169e+00
3.477617412153942933e+00
1.832463299717120631e+00
4.166961252765172041e+00
3.739968089148792085e+00
3.430645228869134922e+00
3.615944518745838554e+00
3.383679793435053096e+00
3.035485159479719641e+00
2.847808280461768593e+00
3.649964056988178829e+00
4.192256124230156367e+00
3.257155435112221387e+00
4.118721863816998230e+00
3.467875974621328794e+00
3.635276165996881748e+00
3.108781671238819211e+00
3.854210996785854881e+00
4.150394238325058716e+00
3.424865048761697395e+00
4.443427012961424616e+00
3.419801408460438452e+00
3.387895142176404306e+00
3.751813702364753755e+00
3.458996602847020707e+00
4.073396322517222501e+00
3.260861256980753353e+00
3.634885711789133111e+00
3.912084377303528981e+00
3.104062215819522574e+00
3.140063563360961485e+00
3.242374876583763221e+00
3.676607770246083096e+00
3.617345128622852624e+00
3.585343348660602114e+00
4.057696722302891246e+00
3.362718741756616225e+00
4.170763977502356390e+00
3.528132998025761857e+00
3.589170674062461597e+00
3.688751247370627873e+00
4.064862239547502476e+00
3.271759832881274921e+00
3.197909994377687859e+00
3.445807965334817258e+00
3.512166693418264707e+00
3.715848407015413635e+00
3.398647635554810975e+00
3.169456845976249326e+00
3.690891065196557630e+00
4.115845713654410432e+00
3.699376366857925813e+00
3.607280500425759318e+00
3.657821672286909020e+00
3.291970843043122930e+00
4.040782391904667925e+00
2.845271756515207251e+00
3.296489487877210411e+00
3.734075940500613644e+00
3.877528373455554789e+00
3.516310110469771821e+00
3.190482672119179686e+00
3.654304731570074072e+00
3.017466918710189905e+00
3.469843862761877062e+00
3.470148953298479721e+00
2.952535939151864408e+00
3.188034924101844414e+00
2.967458299463340499e+00
3.705004204655449662e+00
3.623561852414137974e+00
2.922400096403293457e+00
2.913262212908602766e+00
4.082605169407536039e+00
3.694665179215574025e+00
3.404282811999071789e+00
3.677536370968752077e+00
3.635094291617504414e+00
3.756217110981113549e+00
2.694067795197844895e+00
3.406771624273157162e+00
3.240014061069698581e+00
2.895954696937916406e+00
3.784877731575061244e+00
3.644048733068892432e+00
4.130793231957089695e+00
3.004487513850783831e+00
3.659829016650009592e+00
3.714334809002555637e+00
4.214780925531048439e+00
3.415525756896508280e+00
3.642632779789308994e+00
4.395758246989088569e+00
3.690343719432617853e+00
2.453038297402042378e+00
3.975376182841121153e+00
3.344437590447280950e+00
3.320847416574042921e+00
3.630442738285223570e+00
4.113647669765739145e+00
4.324130451262747421e+00
3.788452291352388812e+00
3.875707631237339967e+00
3.522200426453225397e+00
2.399566692298309878e+00
3.844790934953935757e+00
2.904936168126265095e+00
3.747247112994008589e+00
2.964648866853067499e+00
3.281404757815112205e+00
3.472305032982170303e+00
3.090150516558988869e+00
3.552375864896477609e+00
3.221800693860415787e+00
3.385298662800636293e+00
3.430653135636429596e+00
4.036564450049917596e+00
3.165087670212054505e+00
3.852900143909533615e+00
3.359243879336288874e+00
2.910360022329694374e+00
3.161773871601709640e+00
4.001056345062569797e+00
3.157932815622298328e+00
3.929979982703239560e+00
4.580405123736610129e+00
3.844385961334967128e+00
3.653256633792483221e+00
3.275173309604960448e+00
3.727494470234994139e+00
3.141795315951039669e+00
3.663299687197219434e+00
3.283589037351191120e+00
3.953906619030516101e+00
3.540966025069998580e+00
3.504467015355639870e+00
2.358651075733183777e+00
3.109151575207429463e+00
3.252933472300502782e+00
3.915174757994503985e+00
4.123361670434950277e+00
3.212441726186225921e+00
2.856510541685220339e+00
2.861612332699642547e+00
3.266843128121085460e+00
3.577039131789192528e+00
2.685474311019905524e+00
2.226421070968632954e+00
3.664609761253389220e+00
3.843201928687209001e+00
2.952425146481704843e+00
3.906003801226496819e+00
3.653597308603435678e+00
3.898963406012481148e+00
3.725208027689887125e+00
3.315182753357256207e+00
2.672963743372231082e+00
2.074807189200871704e+00
3.292587433408561193e+00
3.207900921202053723e+00
2.039257101965746610e+00
3.658344691617013034e+00
3.440198514723570966e+00
3.130964355801344468e+00
3.067990312773394290e+00
2.894002875613089554e+00
3.470759509072279592e+00
3.415094563725911136e+00
3.949916829764252402e+00
3.214217713094374318e+00
3.714744518734407031e+00
2.955891952552789359e+00
2.924032192764526972e+00
3.216908035786715914e+00
3.474506900137543486e+00
3.567840778474792085e+00
3.923318942829521649e+00
2.831810288961510658e+00
2.108441835965160660e+00
3.338945355581877106e+00
3.421268818315017501e+00
3.196773393144264119e+00
2.950141364879675265e+00
2.889921648875600990e+00
3.505377370384333169e+00
3.957457467748166646e+00
4.378295520779671435e+00
2.695489035523623844e+00
3.676283719773913106e+00
4.197467872676900136e+00
3.657877403748879708e+00
3.199755686569581314e+00
3.517452167855139589e+00
3.556273626037398383e+00
3.593546099318414289e+00
3.168181177156023764e+00
3.616952595414701044e+00
4.222524831152745683e+00
3.692078480005160479e+00
3.356274707039974992e+00
3.407944516359133313e+00
3.671622169724090057e+00
3.627753083282965640e+00
3.437270639067135924e+00
3.867748211994511909e+00
3.665271684833730781e+00
3.607007803080344299e+00
3.453055545631899648e+00
3.158181796783074535e+00
3.687900240180587819e+00
3.008906442620384425e+00
3.846378124551063316e+00
3.108534990227209693e+00
4.152930588795806344e+00
2.482456560644871857e+00
3.451776547287690899e+00
3.939042771704000856e+00
2.980966425068451109e+00
3.078433130655735983e+00
3.042650011642158869e+00
4.268519029501637085e+00
3.273905563211956249e+00
3.294673099055393184e+00
3.610110381907587040e+00
3.787485047949608052e+00
3.716703144153682192e+00
3.687091062566499211e+00
3.344380787682823097e+00
3.357145237164365525e+00
3.827321151473516814e+00
3.395567715545236176e+00
3.503393854604024860e+00
3.832407787509636066e+00
3.156674610106370515e+00
3.312237755169737952e+00
2.840960436249581278e+00
2.977386231100599190e+00
3.702615774309752084e+00
4.317234942756734029e+00
3.489872343551373657e+00
3.539037443489467361e+00
3.298053002847565196e+00
3.568409078582297944e+00
2.959401157489375489e+00
3.300666444112789311e+00
2.878141621875504708e+00
3.401549559475268047e+00
3.825243826304352890e+00
3.364020143570567001e+00
3.924117374978115969e+00
3.134787921011978007e+00
3.988234071142459758e+00
3.402482268233322671e+00
3.410340626232642780e+00
3.580624978620038590e+00
3.328081118482016709e+00
3.673580200446607602e+00
3.905715647211542407e+00
3.749464982342589181e+00
3.855919756498153550e+00
3.355871481998089934e+00
3.701705923361058748e+00
4.171646116052055042e+00
3.432683188307623645e+00
3.591635485529279581e+00
2.514572423303821580e+00
4.045051258233081093e+00
3.180935951553657937e+00
3.448801832396900746e+00
3.491236327692761598e+00
3.647668331052107860e+00
3.289792656662126280e+00
3.415957254146376076e+00
3.246365132879146742e+00
3.265262360516473006e+00
3.385665466264562884e+00
3.123510327112724916e+00
2.578981228852954111e+00
4.188033703626669713e+00
3.709992904365390309e+00
2.639316738161562537e+00
3.371696222578747015e+00
3.240762962485358223e+00
3.393283458681628062e+00
3.971799036605472288e+00
3.400914486340781195e+00
3.718374174925695108e+00
3.368560935735435358e+00
3.598447672513816364e+00
3.466338756072140370e+00
4.173359456648038091e+00
1.020977768719783629e+00
3.776063988408123961e+00
3.772696962657994035e+00
3.326694393215188672e+00
3.255695381879644579e+00
4.007170836058356223e+00
3.000302044329803408e+00
2.867052561288546464e+00
3.984899874477647153e+00
3.826826471171682620e+00
4.568779207989344116e+00
4.003611645596428126e+00
3.266296408956867570e+00
3.448664781112755762e+00
4.126192190464488263e+00
3.555507623546599660e+00
4.186907271864536817e+00
3.965167039551991124e+00
3.770400684386284951e+00
2.377029996689399294e+00
2.913210584004755521e+00
3.563904286340058292e+00
3.623661243028831525e+00
3.992894104811668843e+00
3.634183722063680566e+00
3.302633856009149049e+00
3.463095768462776114e+00
3.545164290823995312e+00
3.565825449127799196e+00
3.259366336399565967e+00
3.871055968061770436e+00
3.234137319310572689e+00
3.143114398331281034e+00
4.196019123846156162e+00
3.668086696145846481e+00
3.534957620881139739e+00
2.622911800794086812e+00
3.410373759398627858e+00
3.084788198094706946e+00
2.935645032822631784e+00
3.466127588878515020e+00
3.399753050734471760e+00
3.717482850436117481e+00
3.864014124359183455e+00
4.076287665845387487e+00
2.685328842586260922e+00
3.389945008648359792e+00
2.840024417983231686e+00
2.854370866077011737e+00
4.042199449641585396e+00
4.210285919370499563e+00
3.464375139437328333e+00
3.850339587677744646e+00
3.811475565658431819e+00
3.100178005292090866e+00
3.220225645277498661e+00
4.083527729082694790e+00
3.382097405497477727e+00
3.238657746849705088e+00
3.309870507543069440e+00
3.214523583645099603e+00
3.061528704073432028e+00
3.569034593141869660e+00
3.959709539843912385e+00
3.115648988209580139e+00
3.239648939193032540e+00
1.826201723194227577e+00
2.994725196201491801e+00
2.549715929612631715e+00
3.836148581650811629e+00
3.722230940710256952e+00
3.432904404681137223e+00
3.282740637557041818e+00
4.503032750664199391e+00
3.488209027086721203e+00
2.145217417773616742e+00
3.389092248175256117e+00
4.213526746114021115e+00
3.716064214457612813e+00
3.774984752180549297e+00
3.407614175441278093e+00
4.356153703878988814e+00
3.465691289878148229e+00
3.201340130299314080e+00
3.791435075015204603e+00
4.109279662021057433e+00
3.091665994185413879e+00
3.457229082283856059e+00
3.763751060682730909e+00
3.656794827729113351e+00
3.984299060727556352e+00
4.111227261114661857e+00
3.699743183518509948e+00
2.975604108118066637e+00
3.446765434097237346e+00
3.767789739119093984e+00
4.064455212526869587e+00
3.515806244126412405e+00
3.799363377788456564e+00
3.447891582054249504e+00
3.268147553216429024e+00
4.485610876864398300e+00
4.464313019520493420e+00
3.426768763969781695e+00
3.716284935335452566e+00
3.837986340294194942e+00
4.211315627498078307e+00
3.274525347078767190e+00
3.847801127138383404e+00
3.413780333505277209e+00
2.949174967483829679e+00
3.996794713071124772e+00
3.896228379140425968e+00
3.668173340542979943e+00
4.083495574340894052e+00
3.399043127537214826e+00
4.065834722556239456e+00
3.462519281224166079e+00
3.277149942513839065e+00
3.143034644752237927e+00
3.835939530966248512e+00
3.213152136746065146e+00
3.479823388203275414e+00
3.622220485438202964e+00
3.550559703363750153e+00
2.065229376650492554e+00
3.799681829694697921e+00
4.011358525197914915e+00
3.049538828470784502e+00
3.065723985424356535e+00
3.885393255472181284e+00
3.904023753395660989e+00
3.970075246983052697e+00
3.425202144033479890e+00
2.930838347833435442e+00
3.441475120698991308e+00
4.074989767399596730e+00
4.075371401953112205e+00
3.271647695342787543e+00
3.702412271979713232e+00
3.567901061871812107e+00
3.200782877197017928e+00
4.261738233450951263e+00
3.935102257805824788e+00
4.191103559213301466e+00
3.970005048239418688e+00
3.249351272380700095e+00
4.025867632407848618e+00
3.106027422205724253e+00
3.408722009797901631e+00
3.789037933658052193e+00
2.867954536319730519e+00
3.963290596363293616e+00
4.130472930792675079e+00
3.163755464983567300e+00
3.916271719140431262e+00
3.545668180452506757e+00
2.499388017390347105e+00
2.832437301861484791e+00
3.941270067061738214e+00
3.391556169937525400e+00
3.446337034519955989e+00
3.674560474620836459e+00
3.219489522494552336e+00
3.401561447902770041e+00
3.787537536151833972e+00
3.069741507917099543e+00
3.362827553143219461e+00
3.529912283466491107e+00
