4.342026896784174639e+00
3.376311948783571992e+00
1.691900067209654246e+00
3.271090897784029838e+00
3.481932833511514946e+00
3.892822987705214732e+00
2.987250756365928961e+00
3.585687411299933736e+00
3.404316760464277447e+00
3.090553680337533304e+00
3.939151109897569114e+00
4.473913637596506732e+00
3.744675776038158155e+00
3.561996667993660992e+00
3.083932956050511542e+00
2.997171632397379604e+00
3.504866196394477385e+00
3.339853866324193010e+00
2.924012850814762476e+00
3.509630366464839835e+00
3.134788835737547963e+00
2.011721341263596141e+00
3.000323555514122109e+00
3.276373632280632719e+00
4.327070244667302390e+00
3.285510824751978642e+00
3.553973470190519457e+00
2.641369558706287979e+00
3.589918536943741856e+00
4.268269402654894407e+00
3.887269446215802837e+00
3.781287283062963134e+00
3.614925490773987615e+00
3.254710841737696203e+00
4.175759655201368936e+00
2.412341761951318553e+00
4.094290000273354657e+00
3.313256731716379466e+00
3.685136683348690489e+00
3.973509815689481695e+00
2.902656047827853136e+00
3.832328328646125382e+00
4.884411058863763699e+00
3.648387558963808175e+00
3.957138449646552480e+00
4.133584773872603257e+00
2.682790953574825110e+00
3.810802004309870039e+00
3.608443633766952985e+00
2.340475781546059508e+00
3.774054353947297269e+00
4.158162772530111795e+00
5.055631080374145547e+00
2.928198701068274179e+00
2.502615741828856599e+00
3.960302179315177806e+00
3.373843578909790253e+00
4.027079444540169639e+00
4.026854423040773234e+00
3.569064905056235748e+00
3.443263178883293918e+00
3.789074157257670272e+00
3.190596898168002404e+00
3.479674304596097834e+00
3.363704799003575108e+00
3.763687166044504373e+00
3.361365814098366656e+00
3.074426472210689987e+00
4.207172568303599647e+00
3.694117440803488694e+00
3.730656368903816134e+00
3.575645217899130479e+00
3.532064357734570503e+00
3.718723778861706020e+00
2.803891782226029861e+00
2.562234837818165634e+00
3.507664234719922280e+00
3.041194848361659986e+00
3.944034989931008539e+00
4.032964651923371058e+00
2.720707204355067077e+00
3.418229458788190733e+00
2.798679109415679545e+00
3.602454274222784303e+00
3.517610395950823587e+00
3.568517873767294457e+00
3.685113082242580163e+00
3.589084061069512721e+00
2.716153330687103740e+00
4.036719770310461364e+00
3.215213455733866521e+00
3.900990208397885795e+00
4.500203431873671001e+00
3.170707730646979083e+00
3.874278419604185952e+00
3.689023541611690327e+00
4.250283892362490157e+00
3.608240033651736844e+00
4.265981561174021941e+00
3.637245993250424636e+00
3.592490738274507045e+00
3.501359601460308113e+00
3.620470658084345761e+00
3.432298383172519340e+00
3.606789540919784542e+00
4.128351677650408114e+00
4.075187789630319024e+00
3.932447420467136467e+00
3.321702753553209764e+00
3.214980009934031546e+00
3.268182837139021135e+00
3.217337402722899142e+00
3.582055721100538381e+00
2.797148909762626978e+00
3.814041326072766136e+00
3.141007113711746790e+00
3.470425350424054312e+00
3.463079696316262002e+00
3.982397411547546895e+00
3.571979852596900873e+00
3.323993236111506988e+00
4.193046289448265185e+00
3.391990576443044692e+00
3.565137077394942899e+00
3.533721704682782239e+00
3.300422666775975955e+00
2.850083822802627953e+00
3.815619808201223151e+00
3.603136350790466569e+00
3.635998589274052062e+00
2.784046854893971190e+00
2.751111556368386335e+00
2.830556598442869998e+00
3.781263218954330707e+00
3.674084311743718523e+00
3.690753298587657216e+00
3.349862276102865799e+00
3.254387243561447818e+00
1.933252150657526647e+00
3.410420578460612973e+00
3.165773947861141302e+00
3.775265091670451323e+00
3.298412981823182655e+00
3.303621148859476442e+00
3.365737748335547508e+00
3.287455580522329779e+00
3.276278035850340498e+00
3.256729367991441748e+00
2.874234452351403846e+00
3.694403270487294666e+00
4.088044653579666843e+00
3.320385960757232802e+00
1.746669734677518626e+00
4.120558948919601505e+00
3.796980115004741752e+00
3.367076411111587397e+00
3.613676184860552532e+00
3.419443910697221423e+00
2.976590716779263346e+00
2.881457969610347725e+00
3.606911099515982766e+00
4.209371070528780123e+00
3.296965670380594737e+00
4.122712130533487063e+00
3.462672478696695588e+00
3.579018381268491478e+00
3.089564102551299207e+00
3.711341225649454678e+00
4.154802208676099617e+00
3.484021670474801269e+00
4.394235801767114147e+00
3.407748565446083511e+00
3.428376073338023300e+00
3.806251736603377900e+00
3.585307254097650276e+00
4.108881117759469959e+00
3.261268102876876185e+00
3.557068005279744760e+00
3.952621974247264802e+00
3.081150898728881149e+00
3.257582573370026324e+00
3.233397230459272187e+00
3.674368095397815726e+00
3.435063262933235162e+00
3.533279960761629201e+00
4.062717359449121268e+00
3.256852585622357132e+00
4.075553065282750076e+00
3.411016632713671726e+00
3.514939004168290193e+00
3.690380651494625575e+00
4.098757349794227345e+00
3.091630330566640605e+00
3.166285939564871033e+00
3.401420913685454295e+00
3.441025786446968660e+00
3.660767560601131621e+00
3.361730124772602579e+00
3.113302245682250113e+00
3.677194696040194888e+00
4.124652098440910741e+00
3.669934971909095900e+00
3.583694134418664135e+00
3.585787722766117014e+00
3.229440269946144859e+00
4.036730890285055828e+00
2.839388106778414134e+00
3.310942058727061710e+00
3.610030592045249342e+00
3.841069902043927176e+00
3.455595723820175103e+00
3.128472918050531515e+00
3.664373621038782058e+00
3.089857089084104391e+00
3.384712277194647179e+00
3.429067883661430116e+00
3.066720587253072505e+00
3.130806865059184929e+00
2.976835557848910518e+00
3.698772234026875161e+00
3.543024028147579774e+00
2.930914911187352256e+00
2.839293641375260080e+00
4.064916352810027611e+00
3.683874921377970235e+00
3.418493162185139767e+00
3.568903963946929103e+00
3.648933134840792736e+00
3.784189970696708372e+00
2.690440660261769867e+00
3.312687609542206868e+00
3.297160958299655498e+00
2.823381827455223370e+00
3.899709585518559951e+00
3.661196145063229768e+00
4.137095764508914364e+00
2.946039006175138475e+00
3.644968128049221878e+00
3.674540996606732168e+00
4.328795626112075468e+00
3.267309337328824004e+00
3.675900953537251326e+00
4.460001839878605878e+00
3.676216864468676349e+00
2.439380000737255916e+00
3.916093080129108728e+00
3.252225219458476424e+00
3.240785950834727203e+00
3.645304189466759048e+00
4.033252245950122550e+00
4.185114390539113494e+00
3.727605176095714068e+00
3.655688249391220612e+00
3.451391126970313916e+00
2.424706825009443900e+00
3.845738198281195341e+00
2.888389068844792185e+00
3.632308204846269817e+00
2.954396084844077564e+00
3.177785452746707318e+00
3.425636562445875555e+00
3.099482578043744940e+00
3.519048560181204710e+00
3.198130666790931720e+00
3.361349688844977202e+00
3.418177607785525041e+00
3.991902550371256186e+00
3.116303015907394780e+00
3.926349908898817631e+00
3.414521113048313516e+00
2.914453823555871015e+00
3.129668138631209739e+00
4.053605997196391364e+00
3.218950792639609482e+00
3.843852174362806462e+00
4.643562166774367839e+00
3.997818339795020215e+00
3.630956335437745430e+00
3.211967667816731264e+00
3.708455874371509697e+00
3.105655483315198584e+00
3.617678629611974284e+00
3.284328822649172697e+00
4.051962644949299808e+00
3.426466793260749100e+00
3.462011341962933919e+00
2.300965704392749167e+00
3.146864917216273483e+00
3.214923911640111154e+00
3.824186144078753014e+00
4.063967463492567767e+00
3.255391959630300924e+00
2.894397862498439000e+00
2.955947711587541882e+00
3.199460543081775743e+00
3.459702245317543223e+00
2.736761775542071895e+00
2.207897785178871697e+00
3.654048916681554626e+00
3.706371518086966077e+00
2.901985185345431262e+00
3.912023236715257646e+00
3.616768315465561656e+00
3.918776810962176782e+00
3.678611473751117522e+00
3.276769841644251446e+00
2.734370154663545271e+00
2.019998254646693248e+00
3.162380013080245966e+00
3.267477970889269834e+00
1.892985354883202964e+00
3.642099080702708491e+00
3.453918093587712956e+00
3.180558586466504245e+00
2.988668318327366347e+00
2.887686063395299652e+00
3.377752189283224293e+00
3.343362992380618959e+00
3.858787025484486044e+00
3.239613393985656842e+00
3.777064630203298634e+00
2.882020777686103319e+00
2.917798901990051430e+00
3.368527942137465647e+00
3.456010515672734762e+00
3.427385880044591993e+00
3.888767182761174723e+00
2.781772330128777782e+00
1.909696791791259285e+00
3.290818097592310032e+00
3.368500814365792184e+00
3.128103262092156278e+00
2.822908439077608023e+00
2.848668160706505414e+00
3.500147703176701430e+00
3.886669094925145451e+00
4.464718754489714669e+00
2.539334416278959061e+00
3.595689555018582784e+00
4.204232875751925391e+00
3.758398484696924946e+00
3.312236719594113588e+00
3.436968083686441577e+00
3.494902155329865590e+00
3.620968766007099493e+00
3.059332299605940442e+00
3.657399628657282076e+00
4.126969708402046244e+00
3.722098864205978241e+00
3.433780458078774078e+00
3.331398292666175376e+00
3.632033851813221581e+00
3.710352185950802184e+00
3.414629457245422106e+00
3.896708587656280809e+00
3.609021041247931549e+00
3.560868341255294833e+00
3.596426619348171982e+00
3.106601988021283400e+00
3.772789455248201751e+00
2.995538774109984370e+00
3.760037860878142180e+00
3.075737595686081072e+00
4.201957317593070229e+00
2.509279461533339806e+00
3.355085853905299231e+00
3.971588961676380425e+00
3.032986603977500195e+00
3.052233735081007815e+00
2.970349395240743817e+00
4.215061699975014342e+00
3.264946155664352201e+00
3.349071553583202743e+00
3.619821083862056810e+00
3.805436248909618957e+00
3.689319599869136379e+00
3.682309842459223326e+00
3.235130238975299832e+00
3.390576082421102200e+00
3.885876667049625866e+00
3.400049567272729334e+00
3.629602368404905466e+00
3.790407542113369388e+00
3.196520984948662214e+00
3.309637810522888746e+00
2.890221998253958091e+00
2.945261555632436412e+00
3.712484707611915624e+00
4.397815997454283199e+00
3.354268867781213803e+00
3.462272529343753735e+00
3.294736032376070156e+00
3.524712543187205949e+00
2.988153393339536557e+00
3.373505265328470948e+00
2.843882665897886852e+00
3.397389370582538870e+00
3.672081898419162105e+00
3.288858895608674615e+00
3.814910295021045616e+00
3.081855069554136684e+00
4.053397703951982400e+00
3.348672778089635482e+00
3.432882690278126869e+00
3.475422493120475131e+00
3.420426204014554994e+00
3.565635996175672506e+00
3.926619232758348677e+00
3.721574687211175014e+00
3.782403690158929521e+00
3.426273609703852419e+00
3.659104490736531545e+00
4.123272420079572953e+00
3.469794159380334087e+00
3.517453091625078354e+00
2.479645724193677125e+00
3.939658627172989203e+00
3.102464464887825901e+00
3.471095238345670797e+00
3.408704027967736305e+00
3.558986755768990484e+00
3.350851201220430564e+00
3.386113693020446735e+00
3.193224344957692029e+00
3.242079320812104370e+00
3.329679657958119599e+00
3.123141601068966988e+00
2.604980935942200038e+00
4.333391471733490263e+00
3.704222434997425761e+00
2.648777151331425550e+00
3.297080791477918549e+00
3.125588623627851170e+00
3.329749451486994971e+00
3.915160427570135493e+00
3.514234069477947475e+00
3.708145568984689167e+00
3.412648138016937782e+00
3.517859156481097926e+00
3.412263677512930471e+00
4.070574590827788164e+00
1.019515277717774948e+00
3.686918259186478863e+00
3.768427338654654069e+00
3.208786410234875763e+00
3.287797382992574402e+00
4.081350896379809079e+00
3.124187104641490631e+00
2.799249456536142322e+00
3.959833444364929456e+00
3.864056337715533918e+00
4.562055222559757262e+00
4.004255141894454084e+00
3.173217106625149331e+00
3.469144674048167065e+00
4.254565238052094855e+00
3.541825130285750411e+00
4.251318575466977556e+00
3.876815381328522214e+00
3.695212916999503605e+00
2.303258949340786899e+00
2.800201492815779680e+00
3.530849243188683317e+00
3.596026386418310405e+00
3.961442445501447196e+00
3.584929752275942239e+00
3.182047841220561946e+00
3.483482490702766832e+00
3.529528666381382518e+00
3.603616053127621566e+00
3.128003739142499740e+00
3.839165073943599626e+00
3.249717275510911385e+00
3.131307509790399290e+00
4.177781854151175089e+00
3.748117220852040354e+00
3.545293246912713858e+00
2.655017731533351633e+00
3.472544504426672063e+00
3.079824797681178783e+00
2.987894754018804555e+00
3.522036050366193383e+00
3.408274193175958811e+00
3.740425598164859977e+00
3.923632738781198448e+00
4.145401460806297678e+00
2.571627998100349810e+00
3.304397253958918590e+00
2.835365970169722694e+00
2.777414075909137026e+00
3.992922819263719614e+00
4.360199333269772382e+00
3.457887112441722088e+00
3.836058220400393015e+00
3.790197936567183845e+00
3.062928196824689753e+00
3.056771756949117513e+00
4.097679099683920079e+00
3.462628428951746606e+00
3.221305941108943305e+00
3.403944218954710887e+00
3.198795002485189887e+00
2.979891507189530664e+00
3.515977101262412141e+00
3.926907078924152028e+00
3.058247071348068058e+00
3.282798662110711252e+00
1.822586059049299267e+00
2.997506287566344962e+00
2.525086641258275311e+00
3.738309106416814576e+00
3.758702215498106014e+00
3.386690097904485164e+00
3.308851799205325239e+00
4.381000916601698769e+00
3.488644633611918344e+00
2.131116954342004544e+00
3.373878331419136511e+00
4.149121086476233344e+00
3.701916038192958780e+00
3.827977837195695177e+00
3.320469145729398441e+00
4.267466581523064129e+00
3.493496781453772737e+00
3.171463772171156048e+00
3.638881969174795561e+00
4.103639639486583945e+00
3.002592622023598334e+00
3.557313736897539158e+00
3.793842825652256501e+00
3.610042629708709594e+00
3.927407902495231529e+00
3.992569983155718205e+00
3.735524874032543075e+00
2.944855891848901397e+00
3.485979591804816202e+00
3.711263885687325903e+00
4.031268546010651654e+00
3.494540346994900126e+00
3.777779882110896992e+00
3.524867389204622281e+00
3.231861670868096059e+00
4.486881043105653610e+00
4.496887574384989428e+00
3.601659575036483041e+00
3.641374956151145703e+00
3.731456012443276737e+00
4.160284958164371716e+00
3.175147988585850900e+00
3.793442119622678632e+00
3.368024719438900139e+00
2.949820178229115797e+00
3.910442339006030554e+00
3.870720566913144367e+00
3.737652389131035591e+00
4.057296932228966924e+00
3.381152133839278484e+00
4.073265873325050634e+00
3.558664556362371556e+00
3.223311752628164939e+00
3.127940393849702350e+00
3.796210840991411928e+00
3.291019361913730457e+00
3.503382762857445876e+00
3.608040521613193885e+00
3.568988492777769750e+00
2.010119033865575666e+00
3.828866049289036066e+00
4.056213511292741991e+00
3.010311310073421787e+00
3.230332141786200317e+00
3.840817738859530817e+00
3.874744191016063599e+00
4.009438387583678320e+00
3.637030638371144597e+00
2.938212108841020687e+00
3.417617446481340249e+00
4.114332085308268105e+00
4.093699783042416662e+00
3.225159832357874734e+00
3.569471754174388334e+00
3.477703419089599457e+00
3.227957712518595201e+00
4.338942203338869597e+00
3.849558796283067075e+00
4.144436926093347573e+00
3.937257589505021027e+00
3.233253519978052548e+00
4.026476580902157210e+00
3.094490690135358157e+00
3.405692494653100422e+00
3.878710809732960563e+00
2.814317963467449779e+00
4.078468879123773760e+00
4.087854364411203534e+00
3.191209350655933807e+00
3.909291469692156795e+00
3.318474798716916752e+00
2.573223229675582591e+00
2.846117169199673835e+00
3.821260873230750921e+00
3.418943472078629142e+00
3.403989377997710175e+00
3.788222902368089340e+00
3.266706197250107913e+00
3.353811311806946804e+00
3.803144123315078229e+00
3.111183413456648506e+00
3.333757429075586032e+00
3.581817951060358496e+00
